{"C:\\Users\\User\\Documents\\Projects\\AdamFinder\\person-locator\\src\\serviceConfig.ts": {"path":"C:\\Users\\User\\Documents\\Projects\\AdamFinder\\person-locator\\src\\serviceConfig.ts","all":false,"statementMap":{"2":{"start":{"line":3,"column":0},"end":{"line":3,"column":53}},"3":{"start":{"line":4,"column":0},"end":{"line":4,"column":8}},"4":{"start":{"line":5,"column":0},"end":{"line":5,"column":53}},"5":{"start":{"line":6,"column":0},"end":{"line":6,"column":52}},"6":{"start":{"line":7,"column":0},"end":{"line":7,"column":54}},"7":{"start":{"line":8,"column":0},"end":{"line":8,"column":16}},"8":{"start":{"line":9,"column":0},"end":{"line":9,"column":20}},"9":{"start":{"line":10,"column":0},"end":{"line":10,"column":4}},"10":{"start":{"line":11,"column":0},"end":{"line":11,"column":9}},"11":{"start":{"line":12,"column":0},"end":{"line":12,"column":54}},"12":{"start":{"line":13,"column":0},"end":{"line":13,"column":53}},"13":{"start":{"line":14,"column":0},"end":{"line":14,"column":55}},"14":{"start":{"line":15,"column":0},"end":{"line":15,"column":16}},"15":{"start":{"line":16,"column":0},"end":{"line":16,"column":20}},"16":{"start":{"line":17,"column":0},"end":{"line":17,"column":4}},"17":{"start":{"line":18,"column":0},"end":{"line":18,"column":8}},"18":{"start":{"line":19,"column":0},"end":{"line":19,"column":53}},"19":{"start":{"line":20,"column":0},"end":{"line":20,"column":52}},"20":{"start":{"line":21,"column":0},"end":{"line":21,"column":54}},"21":{"start":{"line":22,"column":0},"end":{"line":22,"column":16}},"22":{"start":{"line":23,"column":0},"end":{"line":23,"column":20}},"23":{"start":{"line":24,"column":0},"end":{"line":24,"column":4}},"24":{"start":{"line":25,"column":0},"end":{"line":25,"column":9}},"25":{"start":{"line":26,"column":0},"end":{"line":26,"column":54}},"26":{"start":{"line":27,"column":0},"end":{"line":27,"column":53}},"27":{"start":{"line":28,"column":0},"end":{"line":28,"column":55}},"28":{"start":{"line":29,"column":0},"end":{"line":29,"column":16}},"29":{"start":{"line":30,"column":0},"end":{"line":30,"column":20}},"30":{"start":{"line":31,"column":0},"end":{"line":31,"column":4}},"31":{"start":{"line":32,"column":0},"end":{"line":32,"column":2}},"33":{"start":{"line":34,"column":0},"end":{"line":34,"column":60}},"34":{"start":{"line":35,"column":0},"end":{"line":35,"column":40}},"35":{"start":{"line":36,"column":0},"end":{"line":36,"column":1}}},"s":{"2":1,"3":1,"4":1,"5":1,"6":1,"7":1,"8":1,"9":1,"10":1,"11":1,"12":1,"13":1,"14":1,"15":1,"16":1,"17":1,"18":1,"19":1,"20":1,"21":1,"22":1,"23":1,"24":1,"25":1,"26":1,"27":1,"28":1,"29":1,"30":1,"31":1,"33":1,"34":22,"35":22},"branchMap":{"0":{"type":"branch","line":34,"loc":{"start":{"line":34,"column":7},"end":{"line":36,"column":1}},"locations":[{"start":{"line":34,"column":7},"end":{"line":36,"column":1}}]},"1":{"type":"branch","line":35,"loc":{"start":{"line":35,"column":20},"end":{"line":35,"column":40}},"locations":[{"start":{"line":35,"column":20},"end":{"line":35,"column":40}}]}},"b":{"0":[22],"1":[0]},"fnMap":{"0":{"name":"getConfig","decl":{"start":{"line":34,"column":7},"end":{"line":36,"column":1}},"loc":{"start":{"line":34,"column":7},"end":{"line":36,"column":1}},"line":34}},"f":{"0":22}}
,"C:\\Users\\User\\Documents\\Projects\\AdamFinder\\person-locator\\src\\components\\EmptyState.tsx": {"path":"C:\\Users\\User\\Documents\\Projects\\AdamFinder\\person-locator\\src\\components\\EmptyState.tsx","all":false,"statementMap":{"0":{"start":{"line":1,"column":0},"end":{"line":1,"column":26}},"2":{"start":{"line":3,"column":0},"end":{"line":3,"column":36}},"3":{"start":{"line":4,"column":0},"end":{"line":4,"column":97}},"4":{"start":{"line":5,"column":0},"end":{"line":5,"column":72}},"5":{"start":{"line":6,"column":0},"end":{"line":6,"column":70}},"6":{"start":{"line":7,"column":0},"end":{"line":7,"column":8}},"9":{"start":{"line":10,"column":0},"end":{"line":10,"column":26}}},"s":{"0":1,"2":1,"3":0,"4":0,"5":0,"6":0,"9":1},"branchMap":{},"b":{},"fnMap":{"0":{"name":"EmptyState","decl":{"start":{"line":3,"column":29},"end":{"line":7,"column":8}},"loc":{"start":{"line":3,"column":29},"end":{"line":7,"column":8}},"line":3}},"f":{"0":0}}
,"C:\\Users\\User\\Documents\\Projects\\AdamFinder\\person-locator\\src\\components\\OfflineBanner.tsx": {"path":"C:\\Users\\User\\Documents\\Projects\\AdamFinder\\person-locator\\src\\components\\OfflineBanner.tsx","all":false,"statementMap":{"0":{"start":{"line":1,"column":0},"end":{"line":1,"column":26}},"2":{"start":{"line":3,"column":0},"end":{"line":3,"column":39}},"3":{"start":{"line":4,"column":0},"end":{"line":4,"column":6}},"4":{"start":{"line":5,"column":0},"end":{"line":5,"column":122}},"5":{"start":{"line":6,"column":0},"end":{"line":6,"column":16}},"6":{"start":{"line":7,"column":0},"end":{"line":7,"column":22}},"9":{"start":{"line":10,"column":0},"end":{"line":10,"column":8}},"10":{"start":{"line":11,"column":0},"end":{"line":11,"column":40}},"11":{"start":{"line":12,"column":0},"end":{"line":12,"column":16}},"12":{"start":{"line":13,"column":0},"end":{"line":13,"column":17}},"13":{"start":{"line":14,"column":0},"end":{"line":14,"column":25}},"14":{"start":{"line":15,"column":0},"end":{"line":15,"column":17}},"15":{"start":{"line":16,"column":0},"end":{"line":16,"column":27}},"16":{"start":{"line":17,"column":0},"end":{"line":17,"column":21}},"17":{"start":{"line":18,"column":0},"end":{"line":18,"column":27}},"18":{"start":{"line":19,"column":0},"end":{"line":19,"column":28}},"19":{"start":{"line":20,"column":0},"end":{"line":20,"column":24}},"21":{"start":{"line":22,"column":0},"end":{"line":22,"column":44}},"22":{"start":{"line":23,"column":0},"end":{"line":23,"column":58}},"23":{"start":{"line":24,"column":0},"end":{"line":24,"column":55}},"24":{"start":{"line":25,"column":0},"end":{"line":25,"column":50}},"25":{"start":{"line":26,"column":0},"end":{"line":26,"column":47}},"26":{"start":{"line":27,"column":0},"end":{"line":27,"column":47}},"27":{"start":{"line":28,"column":0},"end":{"line":28,"column":49}},"28":{"start":{"line":29,"column":0},"end":{"line":29,"column":10}},"29":{"start":{"line":30,"column":0},"end":{"line":30,"column":54}},"30":{"start":{"line":31,"column":0},"end":{"line":31,"column":8}},"33":{"start":{"line":34,"column":0},"end":{"line":34,"column":29}}},"s":{"0":1,"2":1,"3":0,"4":0,"5":0,"6":0,"9":0,"10":0,"11":0,"12":0,"13":0,"14":0,"15":0,"16":0,"17":0,"18":0,"19":0,"21":0,"22":0,"23":0,"24":0,"25":0,"26":0,"27":0,"28":0,"29":0,"30":0,"33":1},"branchMap":{},"b":{},"fnMap":{"0":{"name":"OfflineBanner","decl":{"start":{"line":3,"column":32},"end":{"line":31,"column":8}},"loc":{"start":{"line":3,"column":32},"end":{"line":31,"column":8}},"line":3}},"f":{"0":0}}
,"C:\\Users\\User\\Documents\\Projects\\AdamFinder\\person-locator\\src\\components\\PersonLocator.tsx": {"path":"C:\\Users\\User\\Documents\\Projects\\AdamFinder\\person-locator\\src\\components\\PersonLocator.tsx","all":false,"statementMap":{"0":{"start":{"line":1,"column":0},"end":{"line":1,"column":72}},"2":{"start":{"line":3,"column":0},"end":{"line":3,"column":59}},"3":{"start":{"line":4,"column":0},"end":{"line":4,"column":63}},"5":{"start":{"line":6,"column":0},"end":{"line":6,"column":40}},"6":{"start":{"line":7,"column":0},"end":{"line":7,"column":42}},"7":{"start":{"line":8,"column":0},"end":{"line":8,"column":56}},"9":{"start":{"line":10,"column":0},"end":{"line":10,"column":64}},"10":{"start":{"line":11,"column":0},"end":{"line":11,"column":9}},"11":{"start":{"line":12,"column":0},"end":{"line":12,"column":9}},"12":{"start":{"line":13,"column":0},"end":{"line":13,"column":13}},"13":{"start":{"line":14,"column":0},"end":{"line":14,"column":29}},"14":{"start":{"line":15,"column":0},"end":{"line":15,"column":17}},"15":{"start":{"line":16,"column":0},"end":{"line":16,"column":32}},"16":{"start":{"line":17,"column":0},"end":{"line":17,"column":16}},"17":{"start":{"line":18,"column":0},"end":{"line":18,"column":13}},"18":{"start":{"line":19,"column":0},"end":{"line":19,"column":22}},"19":{"start":{"line":20,"column":0},"end":{"line":20,"column":18}},"20":{"start":{"line":21,"column":0},"end":{"line":21,"column":24}},"21":{"start":{"line":22,"column":0},"end":{"line":22,"column":15}},"22":{"start":{"line":23,"column":0},"end":{"line":23,"column":20}},"23":{"start":{"line":24,"column":0},"end":{"line":24,"column":12}},"25":{"start":{"line":26,"column":0},"end":{"line":26,"column":98}},"26":{"start":{"line":27,"column":0},"end":{"line":27,"column":52}},"27":{"start":{"line":28,"column":0},"end":{"line":28,"column":52}},"29":{"start":{"line":30,"column":0},"end":{"line":30,"column":19}},"30":{"start":{"line":31,"column":0},"end":{"line":31,"column":48}},"31":{"start":{"line":32,"column":0},"end":{"line":32,"column":85}},"32":{"start":{"line":33,"column":0},"end":{"line":33,"column":28}},"33":{"start":{"line":34,"column":0},"end":{"line":34,"column":7}},"34":{"start":{"line":35,"column":0},"end":{"line":35,"column":6}},"35":{"start":{"line":36,"column":0},"end":{"line":36,"column":60}},"36":{"start":{"line":37,"column":0},"end":{"line":37,"column":76}},"37":{"start":{"line":38,"column":0},"end":{"line":38,"column":9}},"39":{"start":{"line":40,"column":0},"end":{"line":40,"column":51}},"40":{"start":{"line":41,"column":0},"end":{"line":41,"column":59}},"42":{"start":{"line":43,"column":0},"end":{"line":43,"column":9}},"43":{"start":{"line":44,"column":0},"end":{"line":44,"column":12}},"44":{"start":{"line":45,"column":0},"end":{"line":45,"column":14}},"45":{"start":{"line":46,"column":0},"end":{"line":46,"column":18}},"46":{"start":{"line":47,"column":0},"end":{"line":47,"column":14}},"47":{"start":{"line":48,"column":0},"end":{"line":48,"column":10}},"48":{"start":{"line":49,"column":0},"end":{"line":49,"column":19}},"49":{"start":{"line":50,"column":0},"end":{"line":50,"column":15}},"50":{"start":{"line":51,"column":0},"end":{"line":51,"column":14}},"51":{"start":{"line":52,"column":0},"end":{"line":52,"column":18}},"52":{"start":{"line":53,"column":0},"end":{"line":53,"column":17}},"53":{"start":{"line":54,"column":0},"end":{"line":54,"column":17}},"54":{"start":{"line":55,"column":0},"end":{"line":55,"column":19}},"55":{"start":{"line":56,"column":0},"end":{"line":56,"column":13}},"56":{"start":{"line":57,"column":0},"end":{"line":57,"column":19}},"57":{"start":{"line":58,"column":0},"end":{"line":58,"column":22}},"58":{"start":{"line":59,"column":0},"end":{"line":59,"column":38}},"60":{"start":{"line":61,"column":0},"end":{"line":61,"column":77}},"62":{"start":{"line":63,"column":0},"end":{"line":63,"column":39}},"63":{"start":{"line":64,"column":0},"end":{"line":64,"column":59}},"64":{"start":{"line":65,"column":0},"end":{"line":65,"column":14}},"66":{"start":{"line":67,"column":0},"end":{"line":67,"column":94}},"67":{"start":{"line":68,"column":0},"end":{"line":68,"column":78}},"68":{"start":{"line":69,"column":0},"end":{"line":69,"column":44}},"69":{"start":{"line":70,"column":0},"end":{"line":70,"column":36}},"71":{"start":{"line":72,"column":0},"end":{"line":72,"column":84}},"72":{"start":{"line":73,"column":0},"end":{"line":73,"column":91}},"73":{"start":{"line":74,"column":0},"end":{"line":74,"column":25}},"74":{"start":{"line":75,"column":0},"end":{"line":75,"column":24}},"75":{"start":{"line":76,"column":0},"end":{"line":76,"column":32}},"77":{"start":{"line":78,"column":0},"end":{"line":78,"column":76}},"78":{"start":{"line":79,"column":0},"end":{"line":79,"column":35}},"79":{"start":{"line":80,"column":0},"end":{"line":80,"column":24}},"80":{"start":{"line":81,"column":0},"end":{"line":81,"column":22}},"82":{"start":{"line":83,"column":0},"end":{"line":83,"column":60}},"83":{"start":{"line":84,"column":0},"end":{"line":84,"column":7}},"84":{"start":{"line":85,"column":0},"end":{"line":85,"column":76}},"85":{"start":{"line":86,"column":0},"end":{"line":86,"column":78}},"86":{"start":{"line":87,"column":0},"end":{"line":87,"column":80}},"87":{"start":{"line":88,"column":0},"end":{"line":88,"column":22}},"88":{"start":{"line":89,"column":0},"end":{"line":89,"column":7}},"89":{"start":{"line":90,"column":0},"end":{"line":90,"column":14}},"91":{"start":{"line":92,"column":0},"end":{"line":92,"column":10}},"92":{"start":{"line":93,"column":0},"end":{"line":93,"column":8}},"93":{"start":{"line":94,"column":0},"end":{"line":94,"column":24}},"94":{"start":{"line":95,"column":0},"end":{"line":95,"column":43}},"95":{"start":{"line":96,"column":0},"end":{"line":96,"column":15}},"96":{"start":{"line":97,"column":0},"end":{"line":97,"column":30}},"97":{"start":{"line":98,"column":0},"end":{"line":98,"column":62}},"98":{"start":{"line":99,"column":0},"end":{"line":99,"column":22}},"100":{"start":{"line":101,"column":0},"end":{"line":101,"column":65}},"101":{"start":{"line":102,"column":0},"end":{"line":102,"column":30}},"102":{"start":{"line":103,"column":0},"end":{"line":103,"column":9}},"103":{"start":{"line":104,"column":0},"end":{"line":104,"column":8}},"105":{"start":{"line":106,"column":0},"end":{"line":106,"column":18}},"106":{"start":{"line":107,"column":0},"end":{"line":107,"column":31}},"107":{"start":{"line":108,"column":0},"end":{"line":108,"column":37}},"108":{"start":{"line":109,"column":0},"end":{"line":109,"column":32}},"109":{"start":{"line":110,"column":0},"end":{"line":110,"column":42}},"110":{"start":{"line":111,"column":0},"end":{"line":111,"column":27}},"111":{"start":{"line":112,"column":0},"end":{"line":112,"column":25}},"112":{"start":{"line":113,"column":0},"end":{"line":113,"column":39}},"113":{"start":{"line":114,"column":0},"end":{"line":114,"column":50}},"114":{"start":{"line":115,"column":0},"end":{"line":115,"column":31}},"115":{"start":{"line":116,"column":0},"end":{"line":116,"column":41}},"116":{"start":{"line":117,"column":0},"end":{"line":117,"column":27}},"117":{"start":{"line":118,"column":0},"end":{"line":118,"column":23}},"118":{"start":{"line":119,"column":0},"end":{"line":119,"column":42}},"119":{"start":{"line":120,"column":0},"end":{"line":120,"column":42}},"120":{"start":{"line":121,"column":0},"end":{"line":121,"column":8}},"122":{"start":{"line":123,"column":0},"end":{"line":123,"column":17}},"123":{"start":{"line":124,"column":0},"end":{"line":124,"column":97}},"124":{"start":{"line":125,"column":0},"end":{"line":125,"column":17}},"125":{"start":{"line":126,"column":0},"end":{"line":126,"column":17}},"126":{"start":{"line":127,"column":0},"end":{"line":127,"column":25}},"127":{"start":{"line":128,"column":0},"end":{"line":128,"column":53}},"128":{"start":{"line":129,"column":0},"end":{"line":129,"column":114}},"129":{"start":{"line":130,"column":0},"end":{"line":130,"column":32}},"130":{"start":{"line":131,"column":0},"end":{"line":131,"column":11}},"132":{"start":{"line":133,"column":0},"end":{"line":133,"column":19}},"133":{"start":{"line":134,"column":0},"end":{"line":134,"column":14}},"136":{"start":{"line":137,"column":0},"end":{"line":137,"column":23}},"137":{"start":{"line":138,"column":0},"end":{"line":138,"column":21}},"138":{"start":{"line":139,"column":0},"end":{"line":139,"column":39}},"139":{"start":{"line":140,"column":0},"end":{"line":140,"column":31}},"140":{"start":{"line":141,"column":0},"end":{"line":141,"column":39}},"141":{"start":{"line":142,"column":0},"end":{"line":142,"column":31}},"142":{"start":{"line":143,"column":0},"end":{"line":143,"column":31}},"143":{"start":{"line":144,"column":0},"end":{"line":144,"column":28}},"144":{"start":{"line":145,"column":0},"end":{"line":145,"column":43}},"145":{"start":{"line":146,"column":0},"end":{"line":146,"column":33}},"146":{"start":{"line":147,"column":0},"end":{"line":147,"column":36}},"147":{"start":{"line":148,"column":0},"end":{"line":148,"column":33}},"148":{"start":{"line":149,"column":0},"end":{"line":149,"column":29}},"149":{"start":{"line":150,"column":0},"end":{"line":150,"column":35}},"150":{"start":{"line":151,"column":0},"end":{"line":151,"column":29}},"151":{"start":{"line":152,"column":0},"end":{"line":152,"column":47}},"152":{"start":{"line":153,"column":0},"end":{"line":153,"column":39}},"153":{"start":{"line":154,"column":0},"end":{"line":154,"column":51}},"154":{"start":{"line":155,"column":0},"end":{"line":155,"column":57}},"155":{"start":{"line":156,"column":0},"end":{"line":156,"column":10}},"158":{"start":{"line":159,"column":0},"end":{"line":159,"column":39}},"159":{"start":{"line":160,"column":0},"end":{"line":160,"column":28}},"160":{"start":{"line":161,"column":0},"end":{"line":161,"column":35}},"161":{"start":{"line":162,"column":0},"end":{"line":162,"column":39}},"162":{"start":{"line":163,"column":0},"end":{"line":163,"column":33}},"163":{"start":{"line":164,"column":0},"end":{"line":164,"column":31}},"164":{"start":{"line":165,"column":0},"end":{"line":165,"column":43}},"165":{"start":{"line":166,"column":0},"end":{"line":166,"column":10}},"167":{"start":{"line":168,"column":0},"end":{"line":168,"column":10}},"169":{"start":{"line":170,"column":0},"end":{"line":170,"column":2}},"171":{"start":{"line":172,"column":0},"end":{"line":172,"column":29}}},"s":{"0":1,"2":1,"3":1,"5":1,"6":1,"7":1,"9":1,"10":5,"11":5,"12":5,"13":5,"14":5,"15":5,"16":5,"17":5,"18":5,"19":5,"20":5,"21":5,"22":5,"23":5,"25":5,"26":5,"27":5,"29":5,"30":5,"31":0,"32":0,"33":0,"34":0,"35":5,"36":5,"37":5,"39":5,"40":5,"42":5,"43":5,"44":5,"45":5,"46":5,"47":5,"48":5,"49":5,"50":5,"51":5,"52":5,"53":5,"54":5,"55":5,"56":5,"57":5,"58":5,"60":5,"62":5,"63":1,"64":4,"66":5,"67":5,"68":5,"69":5,"71":5,"72":0,"73":0,"74":0,"75":5,"77":5,"78":0,"79":0,"80":5,"82":5,"83":0,"84":0,"85":0,"86":0,"87":0,"88":0,"89":5,"91":5,"92":5,"93":5,"94":5,"95":5,"96":5,"97":5,"98":5,"100":0,"101":0,"102":0,"103":0,"105":5,"106":5,"107":5,"108":5,"109":5,"110":5,"111":5,"112":5,"113":5,"114":5,"115":5,"116":5,"117":5,"118":5,"119":5,"120":5,"122":5,"123":0,"124":0,"125":0,"126":0,"127":0,"128":0,"129":0,"130":0,"132":0,"133":0,"136":5,"137":0,"138":0,"139":0,"140":0,"141":0,"142":0,"143":0,"144":0,"145":0,"146":0,"147":0,"148":0,"149":0,"150":0,"151":0,"152":0,"153":0,"154":0,"155":0,"158":5,"159":0,"160":0,"161":0,"162":0,"163":0,"164":0,"165":0,"167":5,"169":5,"171":1},"branchMap":{"0":{"type":"branch","line":10,"loc":{"start":{"line":10,"column":52},"end":{"line":170,"column":2}},"locations":[{"start":{"line":10,"column":52},"end":{"line":170,"column":2}}]},"1":{"type":"branch","line":40,"loc":{"start":{"line":40,"column":24},"end":{"line":40,"column":51}},"locations":[{"start":{"line":40,"column":24},"end":{"line":40,"column":51}}]},"2":{"type":"branch","line":63,"loc":{"start":{"line":63,"column":26},"end":{"line":64,"column":59}},"locations":[{"start":{"line":63,"column":26},"end":{"line":64,"column":59}}]},"3":{"type":"branch","line":64,"loc":{"start":{"line":64,"column":58},"end":{"line":65,"column":14}},"locations":[{"start":{"line":64,"column":58},"end":{"line":65,"column":14}}]},"4":{"type":"branch","line":67,"loc":{"start":{"line":67,"column":22},"end":{"line":67,"column":94}},"locations":[{"start":{"line":67,"column":22},"end":{"line":67,"column":94}}]},"5":{"type":"branch","line":68,"loc":{"start":{"line":68,"column":22},"end":{"line":68,"column":51}},"locations":[{"start":{"line":68,"column":22},"end":{"line":68,"column":51}}]},"6":{"type":"branch","line":68,"loc":{"start":{"line":68,"column":36},"end":{"line":68,"column":78}},"locations":[{"start":{"line":68,"column":36},"end":{"line":68,"column":78}}]},"7":{"type":"branch","line":83,"loc":{"start":{"line":83,"column":46},"end":{"line":89,"column":7}},"locations":[{"start":{"line":83,"column":46},"end":{"line":89,"column":7}}]},"8":{"type":"branch","line":98,"loc":{"start":{"line":98,"column":13},"end":{"line":98,"column":52}},"locations":[{"start":{"line":98,"column":13},"end":{"line":98,"column":52}}]},"9":{"type":"branch","line":98,"loc":{"start":{"line":98,"column":48},"end":{"line":98,"column":62}},"locations":[{"start":{"line":98,"column":48},"end":{"line":98,"column":62}}]},"10":{"type":"branch","line":123,"loc":{"start":{"line":123,"column":7},"end":{"line":134,"column":14}},"locations":[{"start":{"line":123,"column":7},"end":{"line":134,"column":14}}]},"11":{"type":"branch","line":137,"loc":{"start":{"line":137,"column":7},"end":{"line":156,"column":10}},"locations":[{"start":{"line":137,"column":7},"end":{"line":156,"column":10}}]},"12":{"type":"branch","line":159,"loc":{"start":{"line":159,"column":7},"end":{"line":159,"column":39}},"locations":[{"start":{"line":159,"column":7},"end":{"line":159,"column":39}}]},"13":{"type":"branch","line":159,"loc":{"start":{"line":159,"column":23},"end":{"line":166,"column":10}},"locations":[{"start":{"line":159,"column":23},"end":{"line":166,"column":10}}]},"14":{"type":"branch","line":30,"loc":{"start":{"line":30,"column":12},"end":{"line":38,"column":5}},"locations":[{"start":{"line":30,"column":12},"end":{"line":38,"column":5}}]},"15":{"type":"branch","line":37,"loc":{"start":{"line":37,"column":11},"end":{"line":37,"column":76}},"locations":[{"start":{"line":37,"column":11},"end":{"line":37,"column":76}}]}},"b":{"0":[5],"1":[4],"2":[1],"3":[4],"4":[0],"5":[0],"6":[0],"7":[0],"8":[2],"9":[3],"10":[0],"11":[0],"12":[0],"13":[0],"14":[5],"15":[5]},"fnMap":{"0":{"name":"PersonLocator","decl":{"start":{"line":10,"column":52},"end":{"line":170,"column":2}},"loc":{"start":{"line":10,"column":52},"end":{"line":170,"column":2}},"line":10},"1":{"name":"handleMouseDown","decl":{"start":{"line":31,"column":28},"end":{"line":35,"column":6}},"loc":{"start":{"line":31,"column":28},"end":{"line":35,"column":6}},"line":31},"2":{"name":"onBlur","decl":{"start":{"line":99,"column":14},"end":{"line":104,"column":8}},"loc":{"start":{"line":99,"column":14},"end":{"line":104,"column":8}},"line":99},"3":{"name":"onFocus","decl":{"start":{"line":110,"column":17},"end":{"line":110,"column":42}},"loc":{"start":{"line":110,"column":17},"end":{"line":110,"column":42}},"line":110},"4":{"name":"onClick","decl":{"start":{"line":128,"column":21},"end":{"line":128,"column":53}},"loc":{"start":{"line":128,"column":21},"end":{"line":128,"column":53}},"line":128}},"f":{"0":5,"1":0,"2":0,"3":0,"4":0}}
,"C:\\Users\\User\\Documents\\Projects\\AdamFinder\\person-locator\\src\\components\\RecentSearchesPanel.tsx": {"path":"C:\\Users\\User\\Documents\\Projects\\AdamFinder\\person-locator\\src\\components\\RecentSearchesPanel.tsx","all":false,"statementMap":{"0":{"start":{"line":1,"column":0},"end":{"line":1,"column":26}},"4":{"start":{"line":5,"column":0},"end":{"line":5,"column":95}},"5":{"start":{"line":6,"column":0},"end":{"line":6,"column":83}},"6":{"start":{"line":7,"column":0},"end":{"line":7,"column":87}},"7":{"start":{"line":8,"column":0},"end":{"line":8,"column":88}},"8":{"start":{"line":9,"column":0},"end":{"line":9,"column":2}},"10":{"start":{"line":11,"column":0},"end":{"line":11,"column":22}},"11":{"start":{"line":12,"column":0},"end":{"line":12,"column":143}},"12":{"start":{"line":13,"column":0},"end":{"line":13,"column":42}},"13":{"start":{"line":14,"column":0},"end":{"line":14,"column":42}},"14":{"start":{"line":15,"column":0},"end":{"line":15,"column":8}},"25":{"start":{"line":26,"column":0},"end":{"line":26,"column":66}},"26":{"start":{"line":27,"column":0},"end":{"line":27,"column":10}},"27":{"start":{"line":28,"column":0},"end":{"line":28,"column":11}},"28":{"start":{"line":29,"column":0},"end":{"line":29,"column":11}},"29":{"start":{"line":30,"column":0},"end":{"line":30,"column":13}},"30":{"start":{"line":31,"column":0},"end":{"line":31,"column":27}},"31":{"start":{"line":32,"column":0},"end":{"line":32,"column":7}},"32":{"start":{"line":33,"column":0},"end":{"line":33,"column":40}},"34":{"start":{"line":35,"column":0},"end":{"line":35,"column":20}},"35":{"start":{"line":36,"column":0},"end":{"line":36,"column":28}},"36":{"start":{"line":37,"column":0},"end":{"line":37,"column":108}},"37":{"start":{"line":38,"column":0},"end":{"line":38,"column":106}},"39":{"start":{"line":40,"column":0},"end":{"line":40,"column":10}},"40":{"start":{"line":41,"column":0},"end":{"line":41,"column":86}},"42":{"start":{"line":43,"column":0},"end":{"line":43,"column":92}},"43":{"start":{"line":44,"column":0},"end":{"line":44,"column":86}},"44":{"start":{"line":45,"column":0},"end":{"line":45,"column":15}},"45":{"start":{"line":46,"column":0},"end":{"line":46,"column":23}},"46":{"start":{"line":47,"column":0},"end":{"line":47,"column":30}},"47":{"start":{"line":48,"column":0},"end":{"line":48,"column":169}},"48":{"start":{"line":49,"column":0},"end":{"line":49,"column":9}},"50":{"start":{"line":51,"column":0},"end":{"line":51,"column":17}},"51":{"start":{"line":52,"column":0},"end":{"line":52,"column":12}},"54":{"start":{"line":55,"column":0},"end":{"line":55,"column":32}},"55":{"start":{"line":56,"column":0},"end":{"line":56,"column":50}},"56":{"start":{"line":57,"column":0},"end":{"line":57,"column":16}},"57":{"start":{"line":58,"column":0},"end":{"line":58,"column":14}},"58":{"start":{"line":59,"column":0},"end":{"line":59,"column":27}},"59":{"start":{"line":60,"column":0},"end":{"line":60,"column":123}},"60":{"start":{"line":61,"column":0},"end":{"line":61,"column":25}},"61":{"start":{"line":62,"column":0},"end":{"line":62,"column":33}},"62":{"start":{"line":63,"column":0},"end":{"line":63,"column":24}},"63":{"start":{"line":64,"column":0},"end":{"line":64,"column":44}},"64":{"start":{"line":65,"column":0},"end":{"line":65,"column":116}},"67":{"start":{"line":68,"column":0},"end":{"line":68,"column":61}},"69":{"start":{"line":70,"column":0},"end":{"line":70,"column":69}},"70":{"start":{"line":71,"column":0},"end":{"line":71,"column":99}},"71":{"start":{"line":72,"column":0},"end":{"line":72,"column":99}},"72":{"start":{"line":73,"column":0},"end":{"line":73,"column":20}},"74":{"start":{"line":75,"column":0},"end":{"line":75,"column":87}},"75":{"start":{"line":76,"column":0},"end":{"line":76,"column":18}},"78":{"start":{"line":79,"column":0},"end":{"line":79,"column":19}},"79":{"start":{"line":80,"column":0},"end":{"line":80,"column":27}},"80":{"start":{"line":81,"column":0},"end":{"line":81,"column":76}},"81":{"start":{"line":82,"column":0},"end":{"line":82,"column":215}},"82":{"start":{"line":83,"column":0},"end":{"line":83,"column":51}},"84":{"start":{"line":85,"column":0},"end":{"line":85,"column":24}},"85":{"start":{"line":86,"column":0},"end":{"line":86,"column":21}},"86":{"start":{"line":87,"column":0},"end":{"line":87,"column":16}},"88":{"start":{"line":89,"column":0},"end":{"line":89,"column":9}},"89":{"start":{"line":90,"column":0},"end":{"line":90,"column":10}},"91":{"start":{"line":92,"column":0},"end":{"line":92,"column":2}},"93":{"start":{"line":94,"column":0},"end":{"line":94,"column":35}}},"s":{"0":1,"4":1,"5":1,"6":1,"7":1,"8":1,"10":1,"11":0,"12":0,"13":0,"14":0,"25":1,"26":0,"27":0,"28":0,"29":0,"30":0,"31":0,"32":0,"34":0,"35":0,"36":0,"37":0,"39":0,"40":0,"42":0,"43":0,"44":0,"45":0,"46":0,"47":0,"48":0,"50":0,"51":0,"54":0,"55":0,"56":0,"57":0,"58":0,"59":0,"60":0,"61":0,"62":0,"63":0,"64":0,"67":0,"69":0,"70":0,"71":0,"72":0,"74":0,"75":0,"78":0,"79":0,"80":0,"81":0,"82":0,"84":0,"85":0,"86":0,"88":0,"89":0,"91":0,"93":1},"branchMap":{},"b":{},"fnMap":{"0":{"name":"XSmall","decl":{"start":{"line":11,"column":15},"end":{"line":15,"column":8}},"loc":{"start":{"line":11,"column":15},"end":{"line":15,"column":8}},"line":11},"1":{"name":"RecentSearchesPanel","decl":{"start":{"line":26,"column":64},"end":{"line":92,"column":2}},"loc":{"start":{"line":26,"column":64},"end":{"line":92,"column":2}},"line":26}},"f":{"0":0,"1":0}}
,"C:\\Users\\User\\Documents\\Projects\\AdamFinder\\person-locator\\src\\components\\ResultCard.tsx": {"path":"C:\\Users\\User\\Documents\\Projects\\AdamFinder\\person-locator\\src\\components\\ResultCard.tsx","all":false,"statementMap":{"0":{"start":{"line":1,"column":0},"end":{"line":1,"column":40}},"2":{"start":{"line":3,"column":0},"end":{"line":3,"column":57}},"19":{"start":{"line":20,"column":0},"end":{"line":20,"column":77}},"20":{"start":{"line":21,"column":0},"end":{"line":21,"column":55}},"21":{"start":{"line":22,"column":0},"end":{"line":22,"column":59}},"22":{"start":{"line":23,"column":0},"end":{"line":23,"column":60}},"23":{"start":{"line":24,"column":0},"end":{"line":24,"column":2}},"26":{"start":{"line":27,"column":0},"end":{"line":27,"column":94}},"27":{"start":{"line":28,"column":0},"end":{"line":28,"column":52}},"28":{"start":{"line":29,"column":0},"end":{"line":29,"column":14}},"29":{"start":{"line":30,"column":0},"end":{"line":30,"column":8}},"30":{"start":{"line":31,"column":0},"end":{"line":31,"column":246}},"31":{"start":{"line":32,"column":0},"end":{"line":32,"column":20}},"33":{"start":{"line":34,"column":0},"end":{"line":34,"column":13}},"34":{"start":{"line":35,"column":0},"end":{"line":35,"column":115}},"35":{"start":{"line":36,"column":0},"end":{"line":36,"column":10}},"36":{"start":{"line":37,"column":0},"end":{"line":37,"column":8}},"40":{"start":{"line":41,"column":0},"end":{"line":41,"column":27}},"41":{"start":{"line":42,"column":0},"end":{"line":42,"column":164}},"42":{"start":{"line":43,"column":0},"end":{"line":43,"column":75}},"43":{"start":{"line":44,"column":0},"end":{"line":44,"column":40}},"44":{"start":{"line":45,"column":0},"end":{"line":45,"column":43}},"45":{"start":{"line":46,"column":0},"end":{"line":46,"column":43}},"46":{"start":{"line":47,"column":0},"end":{"line":47,"column":38}},"47":{"start":{"line":48,"column":0},"end":{"line":48,"column":8}},"50":{"start":{"line":51,"column":0},"end":{"line":51,"column":28}},"51":{"start":{"line":52,"column":0},"end":{"line":52,"column":164}},"52":{"start":{"line":53,"column":0},"end":{"line":53,"column":73}},"53":{"start":{"line":54,"column":0},"end":{"line":54,"column":40}},"54":{"start":{"line":55,"column":0},"end":{"line":55,"column":43}},"55":{"start":{"line":56,"column":0},"end":{"line":56,"column":8}},"58":{"start":{"line":59,"column":0},"end":{"line":59,"column":27}},"59":{"start":{"line":60,"column":0},"end":{"line":60,"column":166}},"60":{"start":{"line":61,"column":0},"end":{"line":61,"column":40}},"61":{"start":{"line":62,"column":0},"end":{"line":62,"column":8}},"64":{"start":{"line":65,"column":0},"end":{"line":65,"column":25}},"65":{"start":{"line":66,"column":0},"end":{"line":66,"column":166}},"66":{"start":{"line":67,"column":0},"end":{"line":67,"column":41}},"67":{"start":{"line":68,"column":0},"end":{"line":68,"column":8}},"71":{"start":{"line":72,"column":0},"end":{"line":72,"column":48}},"72":{"start":{"line":73,"column":0},"end":{"line":73,"column":9}},"73":{"start":{"line":74,"column":0},"end":{"line":74,"column":8}},"74":{"start":{"line":75,"column":0},"end":{"line":75,"column":9}},"75":{"start":{"line":76,"column":0},"end":{"line":76,"column":10}},"76":{"start":{"line":77,"column":0},"end":{"line":77,"column":11}},"77":{"start":{"line":78,"column":0},"end":{"line":78,"column":14}},"78":{"start":{"line":79,"column":0},"end":{"line":79,"column":11}},"79":{"start":{"line":80,"column":0},"end":{"line":80,"column":20}},"80":{"start":{"line":81,"column":0},"end":{"line":81,"column":16}},"81":{"start":{"line":82,"column":0},"end":{"line":82,"column":22}},"82":{"start":{"line":83,"column":0},"end":{"line":83,"column":30}},"83":{"start":{"line":84,"column":0},"end":{"line":84,"column":7}},"84":{"start":{"line":85,"column":0},"end":{"line":85,"column":50}},"86":{"start":{"line":87,"column":0},"end":{"line":87,"column":19}},"87":{"start":{"line":88,"column":0},"end":{"line":88,"column":31}},"88":{"start":{"line":89,"column":0},"end":{"line":89,"column":59}},"90":{"start":{"line":91,"column":0},"end":{"line":91,"column":58}},"91":{"start":{"line":92,"column":0},"end":{"line":92,"column":47}},"92":{"start":{"line":93,"column":0},"end":{"line":93,"column":4}},"94":{"start":{"line":95,"column":0},"end":{"line":95,"column":48}},"96":{"start":{"line":97,"column":0},"end":{"line":97,"column":45}},"97":{"start":{"line":98,"column":0},"end":{"line":98,"column":53}},"98":{"start":{"line":99,"column":0},"end":{"line":99,"column":85}},"99":{"start":{"line":100,"column":0},"end":{"line":100,"column":4}},"101":{"start":{"line":102,"column":0},"end":{"line":102,"column":10}},"102":{"start":{"line":103,"column":0},"end":{"line":103,"column":8}},"103":{"start":{"line":104,"column":0},"end":{"line":104,"column":40}},"104":{"start":{"line":105,"column":0},"end":{"line":105,"column":92}},"107":{"start":{"line":108,"column":0},"end":{"line":108,"column":10}},"108":{"start":{"line":109,"column":0},"end":{"line":109,"column":58}},"109":{"start":{"line":110,"column":0},"end":{"line":110,"column":21}},"110":{"start":{"line":111,"column":0},"end":{"line":111,"column":36}},"111":{"start":{"line":112,"column":0},"end":{"line":112,"column":29}},"112":{"start":{"line":113,"column":0},"end":{"line":113,"column":20}},"113":{"start":{"line":114,"column":0},"end":{"line":114,"column":29}},"114":{"start":{"line":115,"column":0},"end":{"line":115,"column":33}},"117":{"start":{"line":118,"column":0},"end":{"line":118,"column":22}},"118":{"start":{"line":119,"column":0},"end":{"line":119,"column":121}},"120":{"start":{"line":121,"column":0},"end":{"line":121,"column":126}},"121":{"start":{"line":122,"column":0},"end":{"line":122,"column":141}},"122":{"start":{"line":123,"column":0},"end":{"line":123,"column":167}},"123":{"start":{"line":124,"column":0},"end":{"line":124,"column":18}},"124":{"start":{"line":125,"column":0},"end":{"line":125,"column":16}},"128":{"start":{"line":129,"column":0},"end":{"line":129,"column":40}},"131":{"start":{"line":132,"column":0},"end":{"line":132,"column":67}},"132":{"start":{"line":133,"column":0},"end":{"line":133,"column":61}},"133":{"start":{"line":134,"column":0},"end":{"line":134,"column":72}},"134":{"start":{"line":135,"column":0},"end":{"line":135,"column":56}},"135":{"start":{"line":136,"column":0},"end":{"line":136,"column":18}},"136":{"start":{"line":137,"column":0},"end":{"line":137,"column":87}},"137":{"start":{"line":138,"column":0},"end":{"line":138,"column":38}},"138":{"start":{"line":139,"column":0},"end":{"line":139,"column":25}},"139":{"start":{"line":140,"column":0},"end":{"line":140,"column":33}},"140":{"start":{"line":141,"column":0},"end":{"line":141,"column":82}},"141":{"start":{"line":142,"column":0},"end":{"line":142,"column":167}},"142":{"start":{"line":143,"column":0},"end":{"line":143,"column":64}},"144":{"start":{"line":145,"column":0},"end":{"line":145,"column":35}},"145":{"start":{"line":146,"column":0},"end":{"line":146,"column":27}},"146":{"start":{"line":147,"column":0},"end":{"line":147,"column":22}},"148":{"start":{"line":149,"column":0},"end":{"line":149,"column":52}},"149":{"start":{"line":150,"column":0},"end":{"line":150,"column":36}},"150":{"start":{"line":151,"column":0},"end":{"line":151,"column":25}},"151":{"start":{"line":152,"column":0},"end":{"line":152,"column":33}},"152":{"start":{"line":153,"column":0},"end":{"line":153,"column":95}},"153":{"start":{"line":154,"column":0},"end":{"line":154,"column":167}},"154":{"start":{"line":155,"column":0},"end":{"line":155,"column":62}},"156":{"start":{"line":157,"column":0},"end":{"line":157,"column":36}},"157":{"start":{"line":158,"column":0},"end":{"line":158,"column":27}},"158":{"start":{"line":159,"column":0},"end":{"line":159,"column":22}},"160":{"start":{"line":161,"column":0},"end":{"line":161,"column":18}},"161":{"start":{"line":162,"column":0},"end":{"line":162,"column":69}},"162":{"start":{"line":163,"column":0},"end":{"line":163,"column":105}},"163":{"start":{"line":164,"column":0},"end":{"line":164,"column":58}},"164":{"start":{"line":165,"column":0},"end":{"line":165,"column":21}},"165":{"start":{"line":166,"column":0},"end":{"line":166,"column":122}},"166":{"start":{"line":167,"column":0},"end":{"line":167,"column":36}},"167":{"start":{"line":168,"column":0},"end":{"line":168,"column":18}},"168":{"start":{"line":169,"column":0},"end":{"line":169,"column":104}},"169":{"start":{"line":170,"column":0},"end":{"line":170,"column":56}},"170":{"start":{"line":171,"column":0},"end":{"line":171,"column":23}},"171":{"start":{"line":172,"column":0},"end":{"line":172,"column":21}},"172":{"start":{"line":173,"column":0},"end":{"line":173,"column":18}},"173":{"start":{"line":174,"column":0},"end":{"line":174,"column":16}},"176":{"start":{"line":177,"column":0},"end":{"line":177,"column":83}},"177":{"start":{"line":178,"column":0},"end":{"line":178,"column":67}},"178":{"start":{"line":179,"column":0},"end":{"line":179,"column":97}},"179":{"start":{"line":180,"column":0},"end":{"line":180,"column":16}},"183":{"start":{"line":184,"column":0},"end":{"line":184,"column":102}},"184":{"start":{"line":185,"column":0},"end":{"line":185,"column":67}},"185":{"start":{"line":186,"column":0},"end":{"line":186,"column":116}},"186":{"start":{"line":187,"column":0},"end":{"line":187,"column":16}},"188":{"start":{"line":189,"column":0},"end":{"line":189,"column":14}},"191":{"start":{"line":192,"column":0},"end":{"line":192,"column":33}},"192":{"start":{"line":193,"column":0},"end":{"line":193,"column":17}},"193":{"start":{"line":194,"column":0},"end":{"line":194,"column":25}},"194":{"start":{"line":195,"column":0},"end":{"line":195,"column":77}},"195":{"start":{"line":196,"column":0},"end":{"line":196,"column":179}},"196":{"start":{"line":197,"column":0},"end":{"line":197,"column":36}},"197":{"start":{"line":198,"column":0},"end":{"line":198,"column":65}},"199":{"start":{"line":200,"column":0},"end":{"line":200,"column":56}},"200":{"start":{"line":201,"column":0},"end":{"line":201,"column":19}},"202":{"start":{"line":203,"column":0},"end":{"line":203,"column":12}},"205":{"start":{"line":206,"column":0},"end":{"line":206,"column":20}},"206":{"start":{"line":207,"column":0},"end":{"line":207,"column":125}},"207":{"start":{"line":208,"column":0},"end":{"line":208,"column":50}},"208":{"start":{"line":209,"column":0},"end":{"line":209,"column":57}},"209":{"start":{"line":210,"column":0},"end":{"line":210,"column":41}},"210":{"start":{"line":211,"column":0},"end":{"line":211,"column":20}},"211":{"start":{"line":212,"column":0},"end":{"line":212,"column":54}},"212":{"start":{"line":213,"column":0},"end":{"line":213,"column":75}},"213":{"start":{"line":214,"column":0},"end":{"line":214,"column":82}},"214":{"start":{"line":215,"column":0},"end":{"line":215,"column":20}},"216":{"start":{"line":217,"column":0},"end":{"line":217,"column":13}},"217":{"start":{"line":218,"column":0},"end":{"line":218,"column":14}},"219":{"start":{"line":220,"column":0},"end":{"line":220,"column":10}},"221":{"start":{"line":222,"column":0},"end":{"line":222,"column":2}},"223":{"start":{"line":224,"column":0},"end":{"line":224,"column":26}}},"s":{"0":1,"2":1,"19":1,"20":1,"21":1,"22":1,"23":1,"26":1,"27":1,"28":1,"29":1,"30":1,"31":1,"33":1,"34":1,"35":1,"36":1,"40":1,"41":1,"42":1,"43":1,"44":1,"45":1,"46":1,"47":1,"50":1,"51":0,"52":0,"53":0,"54":0,"55":0,"58":1,"59":0,"60":0,"61":0,"64":1,"65":0,"66":0,"67":0,"71":1,"72":7,"73":7,"74":7,"75":7,"76":7,"77":7,"78":7,"79":7,"80":7,"81":7,"82":7,"83":7,"84":7,"86":7,"87":7,"88":2,"90":7,"91":7,"92":7,"94":7,"96":7,"97":7,"98":0,"99":0,"101":7,"102":7,"103":7,"104":7,"107":7,"108":7,"109":7,"110":7,"111":7,"112":7,"113":7,"114":7,"117":7,"118":1,"120":6,"121":6,"122":6,"123":6,"124":6,"128":7,"131":7,"132":7,"133":7,"134":7,"135":7,"136":7,"137":1,"138":1,"139":1,"140":1,"141":1,"142":1,"144":1,"145":1,"146":1,"148":7,"149":0,"150":0,"151":0,"152":0,"153":0,"154":0,"156":0,"157":0,"158":0,"160":7,"161":7,"162":7,"163":7,"164":7,"165":7,"166":7,"167":7,"168":7,"169":7,"170":7,"171":7,"172":7,"173":7,"176":7,"177":0,"178":0,"179":0,"183":7,"184":0,"185":0,"186":0,"188":7,"191":7,"192":0,"193":0,"194":0,"195":0,"196":0,"197":0,"199":0,"200":0,"202":7,"205":7,"206":0,"207":0,"208":0,"209":0,"210":0,"211":0,"212":0,"213":0,"214":0,"216":0,"217":0,"219":7,"221":7,"223":1},"branchMap":{"0":{"type":"branch","line":27,"loc":{"start":{"line":27,"column":68},"end":{"line":37,"column":8}},"locations":[{"start":{"line":27,"column":68},"end":{"line":37,"column":8}}]},"1":{"type":"branch","line":41,"loc":{"start":{"line":41,"column":20},"end":{"line":48,"column":8}},"locations":[{"start":{"line":41,"column":20},"end":{"line":48,"column":8}}]},"2":{"type":"branch","line":72,"loc":{"start":{"line":72,"column":46},"end":{"line":222,"column":2}},"locations":[{"start":{"line":72,"column":46},"end":{"line":222,"column":2}}]},"3":{"type":"branch","line":88,"loc":{"start":{"line":88,"column":27},"end":{"line":89,"column":59}},"locations":[{"start":{"line":88,"column":27},"end":{"line":89,"column":59}}]},"4":{"type":"branch","line":89,"loc":{"start":{"line":89,"column":6},"end":{"line":89,"column":31}},"locations":[{"start":{"line":89,"column":6},"end":{"line":89,"column":31}}]},"5":{"type":"branch","line":104,"loc":{"start":{"line":104,"column":11},"end":{"line":104,"column":30}},"locations":[{"start":{"line":104,"column":11},"end":{"line":104,"column":30}}]},"6":{"type":"branch","line":118,"loc":{"start":{"line":118,"column":9},"end":{"line":119,"column":121}},"locations":[{"start":{"line":118,"column":9},"end":{"line":119,"column":121}}]},"7":{"type":"branch","line":119,"loc":{"start":{"line":119,"column":119},"end":{"line":125,"column":16}},"locations":[{"start":{"line":119,"column":119},"end":{"line":125,"column":16}}]},"8":{"type":"branch","line":137,"loc":{"start":{"line":137,"column":16},"end":{"line":137,"column":71}},"locations":[{"start":{"line":137,"column":16},"end":{"line":137,"column":71}}]},"9":{"type":"branch","line":137,"loc":{"start":{"line":137,"column":61},"end":{"line":137,"column":87}},"locations":[{"start":{"line":137,"column":61},"end":{"line":137,"column":87}}]},"10":{"type":"branch","line":137,"loc":{"start":{"line":137,"column":71},"end":{"line":147,"column":22}},"locations":[{"start":{"line":137,"column":71},"end":{"line":147,"column":22}}]},"11":{"type":"branch","line":149,"loc":{"start":{"line":149,"column":16},"end":{"line":149,"column":52}},"locations":[{"start":{"line":149,"column":16},"end":{"line":149,"column":52}}]},"12":{"type":"branch","line":149,"loc":{"start":{"line":149,"column":39},"end":{"line":159,"column":22}},"locations":[{"start":{"line":149,"column":39},"end":{"line":159,"column":22}}]},"13":{"type":"branch","line":166,"loc":{"start":{"line":166,"column":89},"end":{"line":166,"column":119}},"locations":[{"start":{"line":166,"column":89},"end":{"line":166,"column":119}}]},"14":{"type":"branch","line":169,"loc":{"start":{"line":169,"column":66},"end":{"line":169,"column":100}},"locations":[{"start":{"line":169,"column":66},"end":{"line":169,"column":100}}]},"15":{"type":"branch","line":170,"loc":{"start":{"line":170,"column":37},"end":{"line":170,"column":56}},"locations":[{"start":{"line":170,"column":37},"end":{"line":170,"column":56}}]},"16":{"type":"branch","line":177,"loc":{"start":{"line":177,"column":77},"end":{"line":180,"column":16}},"locations":[{"start":{"line":177,"column":77},"end":{"line":180,"column":16}}]},"17":{"type":"branch","line":184,"loc":{"start":{"line":184,"column":65},"end":{"line":184,"column":82}},"locations":[{"start":{"line":184,"column":65},"end":{"line":184,"column":82}}]},"18":{"type":"branch","line":184,"loc":{"start":{"line":184,"column":96},"end":{"line":187,"column":16}},"locations":[{"start":{"line":184,"column":96},"end":{"line":187,"column":16}}]},"19":{"type":"branch","line":192,"loc":{"start":{"line":192,"column":9},"end":{"line":201,"column":19}},"locations":[{"start":{"line":192,"column":9},"end":{"line":201,"column":19}}]},"20":{"type":"branch","line":206,"loc":{"start":{"line":206,"column":7},"end":{"line":218,"column":14}},"locations":[{"start":{"line":206,"column":7},"end":{"line":218,"column":14}}]},"21":{"type":"branch","line":97,"loc":{"start":{"line":97,"column":22},"end":{"line":97,"column":45}},"locations":[{"start":{"line":97,"column":22},"end":{"line":97,"column":45}}]}},"b":{"0":[1],"1":[1],"2":[7],"3":[2],"4":[0],"5":[0],"6":[1],"7":[6],"8":[6],"9":[2],"10":[1],"11":[6],"12":[0],"13":[0],"14":[0],"15":[0],"16":[0],"17":[0],"18":[0],"19":[0],"20":[0],"21":[1]},"fnMap":{"0":{"name":"Tip","decl":{"start":{"line":27,"column":68},"end":{"line":37,"column":8}},"loc":{"start":{"line":27,"column":68},"end":{"line":37,"column":8}},"line":27},"1":{"name":"TikAsirIcon","decl":{"start":{"line":41,"column":20},"end":{"line":48,"column":8}},"loc":{"start":{"line":41,"column":20},"end":{"line":48,"column":8}},"line":41},"2":{"name":"ExternalIcon","decl":{"start":{"line":51,"column":21},"end":{"line":56,"column":8}},"loc":{"start":{"line":51,"column":21},"end":{"line":56,"column":8}},"line":51},"3":{"name":"ChevronDown","decl":{"start":{"line":59,"column":20},"end":{"line":62,"column":8}},"loc":{"start":{"line":59,"column":20},"end":{"line":62,"column":8}},"line":59},"4":{"name":"ChevronUp","decl":{"start":{"line":65,"column":18},"end":{"line":68,"column":8}},"loc":{"start":{"line":65,"column":18},"end":{"line":68,"column":8}},"line":65},"5":{"name":"ResultCard","decl":{"start":{"line":72,"column":46},"end":{"line":222,"column":2}},"loc":{"start":{"line":72,"column":46},"end":{"line":222,"column":2}},"line":72},"6":{"name":"handleClick","decl":{"start":{"line":97,"column":22},"end":{"line":97,"column":45}},"loc":{"start":{"line":97,"column":22},"end":{"line":97,"column":45}},"line":97},"7":{"name":"handleKeyDown","decl":{"start":{"line":98,"column":24},"end":{"line":100,"column":4}},"loc":{"start":{"line":98,"column":24},"end":{"line":100,"column":4}},"line":98},"8":{"name":"onClick","decl":{"start":{"line":141,"column":29},"end":{"line":141,"column":82}},"loc":{"start":{"line":141,"column":29},"end":{"line":141,"column":82}},"line":141},"9":{"name":"onClick","decl":{"start":{"line":153,"column":29},"end":{"line":153,"column":95}},"loc":{"start":{"line":153,"column":29},"end":{"line":153,"column":95}},"line":153},"10":{"name":"onClick","decl":{"start":{"line":195,"column":21},"end":{"line":195,"column":77}},"loc":{"start":{"line":195,"column":21},"end":{"line":195,"column":77}},"line":195}},"f":{"0":1,"1":1,"2":0,"3":0,"4":0,"5":7,"6":1,"7":0,"8":0,"9":0,"10":0}}
,"C:\\Users\\User\\Documents\\Projects\\AdamFinder\\person-locator\\src\\components\\ResultsPanel.tsx": {"path":"C:\\Users\\User\\Documents\\Projects\\AdamFinder\\person-locator\\src\\components\\ResultsPanel.tsx","all":false,"statementMap":{"0":{"start":{"line":1,"column":0},"end":{"line":1,"column":26}},"2":{"start":{"line":3,"column":0},"end":{"line":3,"column":63}},"3":{"start":{"line":4,"column":0},"end":{"line":4,"column":30}},"4":{"start":{"line":5,"column":0},"end":{"line":5,"column":38}},"5":{"start":{"line":6,"column":0},"end":{"line":6,"column":42}},"6":{"start":{"line":7,"column":0},"end":{"line":7,"column":44}},"7":{"start":{"line":8,"column":0},"end":{"line":8,"column":38}},"29":{"start":{"line":30,"column":0},"end":{"line":30,"column":62}},"30":{"start":{"line":31,"column":0},"end":{"line":31,"column":16}},"31":{"start":{"line":32,"column":0},"end":{"line":32,"column":18}},"32":{"start":{"line":33,"column":0},"end":{"line":33,"column":20}},"33":{"start":{"line":34,"column":0},"end":{"line":34,"column":2}},"35":{"start":{"line":36,"column":0},"end":{"line":36,"column":52}},"36":{"start":{"line":37,"column":0},"end":{"line":37,"column":10}},"37":{"start":{"line":38,"column":0},"end":{"line":38,"column":12}},"38":{"start":{"line":39,"column":0},"end":{"line":39,"column":16}},"39":{"start":{"line":40,"column":0},"end":{"line":40,"column":12}},"40":{"start":{"line":41,"column":0},"end":{"line":41,"column":12}},"41":{"start":{"line":42,"column":0},"end":{"line":42,"column":8}},"42":{"start":{"line":43,"column":0},"end":{"line":43,"column":27}},"43":{"start":{"line":44,"column":0},"end":{"line":44,"column":13}},"44":{"start":{"line":45,"column":0},"end":{"line":45,"column":14}},"45":{"start":{"line":46,"column":0},"end":{"line":46,"column":11}},"46":{"start":{"line":47,"column":0},"end":{"line":47,"column":11}},"47":{"start":{"line":48,"column":0},"end":{"line":48,"column":14}},"48":{"start":{"line":49,"column":0},"end":{"line":49,"column":11}},"49":{"start":{"line":50,"column":0},"end":{"line":50,"column":20}},"50":{"start":{"line":51,"column":0},"end":{"line":51,"column":16}},"51":{"start":{"line":52,"column":0},"end":{"line":52,"column":22}},"52":{"start":{"line":53,"column":0},"end":{"line":53,"column":30}},"53":{"start":{"line":54,"column":0},"end":{"line":54,"column":7}},"54":{"start":{"line":55,"column":0},"end":{"line":55,"column":20}},"55":{"start":{"line":56,"column":0},"end":{"line":56,"column":28}},"56":{"start":{"line":57,"column":0},"end":{"line":57,"column":133}},"57":{"start":{"line":58,"column":0},"end":{"line":58,"column":131}},"59":{"start":{"line":60,"column":0},"end":{"line":60,"column":74}},"60":{"start":{"line":61,"column":0},"end":{"line":61,"column":93}},"62":{"start":{"line":63,"column":0},"end":{"line":63,"column":40}},"63":{"start":{"line":64,"column":0},"end":{"line":64,"column":30}},"64":{"start":{"line":65,"column":0},"end":{"line":65,"column":32}},"65":{"start":{"line":66,"column":0},"end":{"line":66,"column":4}},"67":{"start":{"line":68,"column":0},"end":{"line":68,"column":10}},"68":{"start":{"line":69,"column":0},"end":{"line":69,"column":73}},"69":{"start":{"line":70,"column":0},"end":{"line":70,"column":38}},"71":{"start":{"line":72,"column":0},"end":{"line":72,"column":22}},"72":{"start":{"line":73,"column":0},"end":{"line":73,"column":15}},"73":{"start":{"line":74,"column":0},"end":{"line":74,"column":27}},"74":{"start":{"line":75,"column":0},"end":{"line":75,"column":31}},"75":{"start":{"line":76,"column":0},"end":{"line":76,"column":31}},"76":{"start":{"line":77,"column":0},"end":{"line":77,"column":35}},"77":{"start":{"line":78,"column":0},"end":{"line":78,"column":10}},"80":{"start":{"line":81,"column":0},"end":{"line":81,"column":20}},"81":{"start":{"line":82,"column":0},"end":{"line":82,"column":10}},"82":{"start":{"line":83,"column":0},"end":{"line":83,"column":26}},"83":{"start":{"line":84,"column":0},"end":{"line":84,"column":26}},"84":{"start":{"line":85,"column":0},"end":{"line":85,"column":26}},"85":{"start":{"line":86,"column":0},"end":{"line":86,"column":11}},"86":{"start":{"line":87,"column":0},"end":{"line":87,"column":38}},"87":{"start":{"line":88,"column":0},"end":{"line":88,"column":22}},"89":{"start":{"line":90,"column":0},"end":{"line":90,"column":12}},"90":{"start":{"line":91,"column":0},"end":{"line":91,"column":35}},"91":{"start":{"line":92,"column":0},"end":{"line":92,"column":22}},"92":{"start":{"line":93,"column":0},"end":{"line":93,"column":32}},"94":{"start":{"line":95,"column":0},"end":{"line":95,"column":47}},"95":{"start":{"line":96,"column":0},"end":{"line":96,"column":23}},"96":{"start":{"line":97,"column":0},"end":{"line":97,"column":29}},"97":{"start":{"line":98,"column":0},"end":{"line":98,"column":29}},"98":{"start":{"line":99,"column":0},"end":{"line":99,"column":27}},"99":{"start":{"line":100,"column":0},"end":{"line":100,"column":55}},"100":{"start":{"line":101,"column":0},"end":{"line":101,"column":35}},"101":{"start":{"line":102,"column":0},"end":{"line":102,"column":33}},"102":{"start":{"line":103,"column":0},"end":{"line":103,"column":39}},"103":{"start":{"line":104,"column":0},"end":{"line":104,"column":33}},"104":{"start":{"line":105,"column":0},"end":{"line":105,"column":51}},"105":{"start":{"line":106,"column":0},"end":{"line":106,"column":43}},"106":{"start":{"line":107,"column":0},"end":{"line":107,"column":55}},"107":{"start":{"line":108,"column":0},"end":{"line":108,"column":61}},"108":{"start":{"line":109,"column":0},"end":{"line":109,"column":14}},"109":{"start":{"line":110,"column":0},"end":{"line":110,"column":13}},"110":{"start":{"line":111,"column":0},"end":{"line":111,"column":29}},"111":{"start":{"line":112,"column":0},"end":{"line":112,"column":14}},"112":{"start":{"line":113,"column":0},"end":{"line":113,"column":30}},"113":{"start":{"line":114,"column":0},"end":{"line":114,"column":15}},"115":{"start":{"line":116,"column":0},"end":{"line":116,"column":14}},"117":{"start":{"line":118,"column":0},"end":{"line":118,"column":10}},"119":{"start":{"line":120,"column":0},"end":{"line":120,"column":2}},"121":{"start":{"line":122,"column":0},"end":{"line":122,"column":28}}},"s":{"0":1,"2":1,"3":1,"4":1,"5":1,"6":1,"7":1,"29":1,"30":1,"31":1,"32":1,"33":1,"35":1,"36":0,"37":0,"38":0,"39":0,"40":0,"41":0,"42":0,"43":0,"44":0,"45":0,"46":0,"47":0,"48":0,"49":0,"50":0,"51":0,"52":0,"53":0,"54":0,"55":0,"56":0,"57":0,"59":0,"60":0,"62":0,"63":0,"64":0,"65":0,"67":0,"68":0,"69":0,"71":0,"72":0,"73":0,"74":0,"75":0,"76":0,"77":0,"80":0,"81":0,"82":0,"83":0,"84":0,"85":0,"86":0,"87":0,"89":0,"90":0,"91":0,"92":0,"94":0,"95":0,"96":0,"97":0,"98":0,"99":0,"100":0,"101":0,"102":0,"103":0,"104":0,"105":0,"106":0,"107":0,"108":0,"109":0,"110":0,"111":0,"112":0,"113":0,"115":0,"117":0,"119":0,"121":1},"branchMap":{},"b":{},"fnMap":{"0":{"name":"ResultsPanel","decl":{"start":{"line":36,"column":50},"end":{"line":120,"column":2}},"loc":{"start":{"line":36,"column":50},"end":{"line":120,"column":2}},"line":36}},"f":{"0":0}}
,"C:\\Users\\User\\Documents\\Projects\\AdamFinder\\person-locator\\src\\components\\SearchInput.tsx": {"path":"C:\\Users\\User\\Documents\\Projects\\AdamFinder\\person-locator\\src\\components\\SearchInput.tsx","all":false,"statementMap":{"0":{"start":{"line":1,"column":0},"end":{"line":1,"column":40}},"21":{"start":{"line":22,"column":0},"end":{"line":22,"column":28}},"23":{"start":{"line":24,"column":0},"end":{"line":24,"column":164}},"24":{"start":{"line":25,"column":0},"end":{"line":25,"column":35}},"25":{"start":{"line":26,"column":0},"end":{"line":26,"column":42}},"26":{"start":{"line":27,"column":0},"end":{"line":27,"column":62}},"27":{"start":{"line":28,"column":0},"end":{"line":28,"column":62}},"28":{"start":{"line":29,"column":0},"end":{"line":29,"column":62}},"29":{"start":{"line":30,"column":0},"end":{"line":30,"column":8}},"32":{"start":{"line":33,"column":0},"end":{"line":33,"column":25}},"34":{"start":{"line":35,"column":0},"end":{"line":35,"column":164}},"35":{"start":{"line":36,"column":0},"end":{"line":36,"column":103}},"36":{"start":{"line":37,"column":0},"end":{"line":37,"column":44}},"37":{"start":{"line":38,"column":0},"end":{"line":38,"column":61}},"38":{"start":{"line":39,"column":0},"end":{"line":39,"column":62}},"39":{"start":{"line":40,"column":0},"end":{"line":40,"column":8}},"42":{"start":{"line":43,"column":0},"end":{"line":43,"column":28}},"44":{"start":{"line":45,"column":0},"end":{"line":45,"column":164}},"45":{"start":{"line":46,"column":0},"end":{"line":46,"column":37}},"46":{"start":{"line":47,"column":0},"end":{"line":47,"column":76}},"47":{"start":{"line":48,"column":0},"end":{"line":48,"column":74}},"48":{"start":{"line":49,"column":0},"end":{"line":49,"column":8}},"51":{"start":{"line":52,"column":0},"end":{"line":52,"column":20}},"57":{"start":{"line":58,"column":0},"end":{"line":58,"column":7}},"58":{"start":{"line":59,"column":0},"end":{"line":59,"column":3}},"59":{"start":{"line":60,"column":0},"end":{"line":60,"column":17}},"60":{"start":{"line":61,"column":0},"end":{"line":61,"column":18}},"61":{"start":{"line":62,"column":0},"end":{"line":62,"column":23}},"62":{"start":{"line":63,"column":0},"end":{"line":63,"column":33}},"63":{"start":{"line":64,"column":0},"end":{"line":64,"column":53}},"64":{"start":{"line":65,"column":0},"end":{"line":65,"column":4}},"65":{"start":{"line":66,"column":0},"end":{"line":66,"column":3}},"66":{"start":{"line":67,"column":0},"end":{"line":67,"column":18}},"67":{"start":{"line":68,"column":0},"end":{"line":68,"column":18}},"68":{"start":{"line":69,"column":0},"end":{"line":69,"column":20}},"69":{"start":{"line":70,"column":0},"end":{"line":70,"column":33}},"70":{"start":{"line":71,"column":0},"end":{"line":71,"column":53}},"71":{"start":{"line":72,"column":0},"end":{"line":72,"column":4}},"72":{"start":{"line":73,"column":0},"end":{"line":73,"column":3}},"73":{"start":{"line":74,"column":0},"end":{"line":74,"column":19}},"74":{"start":{"line":75,"column":0},"end":{"line":75,"column":18}},"75":{"start":{"line":76,"column":0},"end":{"line":76,"column":23}},"76":{"start":{"line":77,"column":0},"end":{"line":77,"column":36}},"77":{"start":{"line":78,"column":0},"end":{"line":78,"column":56}},"78":{"start":{"line":79,"column":0},"end":{"line":79,"column":4}},"79":{"start":{"line":80,"column":0},"end":{"line":80,"column":2}},"82":{"start":{"line":83,"column":0},"end":{"line":83,"column":94}},"83":{"start":{"line":84,"column":0},"end":{"line":84,"column":52}},"84":{"start":{"line":85,"column":0},"end":{"line":85,"column":14}},"85":{"start":{"line":86,"column":0},"end":{"line":86,"column":8}},"86":{"start":{"line":87,"column":0},"end":{"line":87,"column":246}},"87":{"start":{"line":88,"column":0},"end":{"line":88,"column":20}},"89":{"start":{"line":90,"column":0},"end":{"line":90,"column":13}},"90":{"start":{"line":91,"column":0},"end":{"line":91,"column":115}},"91":{"start":{"line":92,"column":0},"end":{"line":92,"column":10}},"92":{"start":{"line":93,"column":0},"end":{"line":93,"column":8}},"95":{"start":{"line":96,"column":0},"end":{"line":96,"column":50}},"96":{"start":{"line":97,"column":0},"end":{"line":97,"column":13}},"97":{"start":{"line":98,"column":0},"end":{"line":98,"column":16}},"98":{"start":{"line":99,"column":0},"end":{"line":99,"column":10}},"99":{"start":{"line":100,"column":0},"end":{"line":100,"column":10}},"100":{"start":{"line":101,"column":0},"end":{"line":101,"column":11}},"101":{"start":{"line":102,"column":0},"end":{"line":102,"column":13}},"102":{"start":{"line":103,"column":0},"end":{"line":103,"column":13}},"103":{"start":{"line":104,"column":0},"end":{"line":104,"column":21}},"104":{"start":{"line":105,"column":0},"end":{"line":105,"column":13}},"105":{"start":{"line":106,"column":0},"end":{"line":106,"column":18}},"106":{"start":{"line":107,"column":0},"end":{"line":107,"column":15}},"107":{"start":{"line":108,"column":0},"end":{"line":108,"column":17}},"108":{"start":{"line":109,"column":0},"end":{"line":109,"column":20}},"109":{"start":{"line":110,"column":0},"end":{"line":110,"column":17}},"110":{"start":{"line":111,"column":0},"end":{"line":111,"column":7}},"111":{"start":{"line":112,"column":0},"end":{"line":112,"column":81}},"112":{"start":{"line":113,"column":0},"end":{"line":113,"column":88}},"114":{"start":{"line":115,"column":0},"end":{"line":115,"column":30}},"115":{"start":{"line":116,"column":0},"end":{"line":116,"column":27}},"116":{"start":{"line":117,"column":0},"end":{"line":117,"column":28}},"117":{"start":{"line":118,"column":0},"end":{"line":118,"column":27}},"118":{"start":{"line":119,"column":0},"end":{"line":119,"column":4}},"120":{"start":{"line":121,"column":0},"end":{"line":121,"column":49}},"121":{"start":{"line":122,"column":0},"end":{"line":122,"column":65}},"122":{"start":{"line":123,"column":0},"end":{"line":123,"column":4}},"124":{"start":{"line":125,"column":0},"end":{"line":125,"column":38}},"126":{"start":{"line":127,"column":0},"end":{"line":127,"column":10}},"127":{"start":{"line":128,"column":0},"end":{"line":128,"column":31}},"129":{"start":{"line":130,"column":0},"end":{"line":130,"column":10}},"130":{"start":{"line":131,"column":0},"end":{"line":131,"column":20}},"131":{"start":{"line":132,"column":0},"end":{"line":132,"column":79}},"132":{"start":{"line":133,"column":0},"end":{"line":133,"column":85}},"133":{"start":{"line":134,"column":0},"end":{"line":134,"column":18}},"134":{"start":{"line":135,"column":0},"end":{"line":135,"column":61}},"135":{"start":{"line":136,"column":0},"end":{"line":136,"column":61}},"136":{"start":{"line":137,"column":0},"end":{"line":137,"column":20}},"139":{"start":{"line":140,"column":0},"end":{"line":140,"column":193}},"140":{"start":{"line":141,"column":0},"end":{"line":141,"column":42}},"141":{"start":{"line":142,"column":0},"end":{"line":142,"column":56}},"142":{"start":{"line":143,"column":0},"end":{"line":143,"column":14}},"145":{"start":{"line":146,"column":0},"end":{"line":146,"column":14}},"146":{"start":{"line":147,"column":0},"end":{"line":147,"column":21}},"147":{"start":{"line":148,"column":0},"end":{"line":148,"column":28}},"148":{"start":{"line":149,"column":0},"end":{"line":149,"column":57}},"149":{"start":{"line":150,"column":0},"end":{"line":150,"column":27}},"150":{"start":{"line":151,"column":0},"end":{"line":151,"column":36}},"151":{"start":{"line":152,"column":0},"end":{"line":152,"column":29}},"152":{"start":{"line":153,"column":0},"end":{"line":153,"column":19}},"153":{"start":{"line":154,"column":0},"end":{"line":154,"column":118}},"154":{"start":{"line":155,"column":0},"end":{"line":155,"column":32}},"155":{"start":{"line":156,"column":0},"end":{"line":156,"column":10}},"158":{"start":{"line":159,"column":0},"end":{"line":159,"column":31}},"159":{"start":{"line":160,"column":0},"end":{"line":160,"column":17}},"160":{"start":{"line":161,"column":0},"end":{"line":161,"column":25}},"161":{"start":{"line":162,"column":0},"end":{"line":162,"column":29}},"162":{"start":{"line":163,"column":0},"end":{"line":163,"column":31}},"163":{"start":{"line":164,"column":0},"end":{"line":164,"column":204}},"164":{"start":{"line":165,"column":0},"end":{"line":165,"column":34}},"166":{"start":{"line":167,"column":0},"end":{"line":167,"column":153}},"167":{"start":{"line":168,"column":0},"end":{"line":168,"column":52}},"168":{"start":{"line":169,"column":0},"end":{"line":169,"column":52}},"169":{"start":{"line":170,"column":0},"end":{"line":170,"column":18}},"170":{"start":{"line":171,"column":0},"end":{"line":171,"column":19}},"174":{"start":{"line":175,"column":0},"end":{"line":175,"column":38}},"175":{"start":{"line":176,"column":0},"end":{"line":176,"column":12}},"176":{"start":{"line":177,"column":0},"end":{"line":177,"column":85}},"177":{"start":{"line":178,"column":0},"end":{"line":178,"column":19}},"178":{"start":{"line":179,"column":0},"end":{"line":179,"column":27}},"179":{"start":{"line":180,"column":0},"end":{"line":180,"column":27}},"180":{"start":{"line":181,"column":0},"end":{"line":181,"column":37}},"181":{"start":{"line":182,"column":0},"end":{"line":182,"column":36}},"182":{"start":{"line":183,"column":0},"end":{"line":183,"column":33}},"183":{"start":{"line":184,"column":0},"end":{"line":184,"column":23}},"184":{"start":{"line":185,"column":0},"end":{"line":185,"column":26}},"185":{"start":{"line":186,"column":0},"end":{"line":186,"column":70}},"186":{"start":{"line":187,"column":0},"end":{"line":187,"column":131}},"187":{"start":{"line":188,"column":0},"end":{"line":188,"column":78}},"188":{"start":{"line":189,"column":0},"end":{"line":189,"column":26}},"189":{"start":{"line":190,"column":0},"end":{"line":190,"column":38}},"191":{"start":{"line":192,"column":0},"end":{"line":192,"column":19}},"192":{"start":{"line":193,"column":0},"end":{"line":193,"column":28}},"193":{"start":{"line":194,"column":0},"end":{"line":194,"column":133}},"194":{"start":{"line":195,"column":0},"end":{"line":195,"column":60}},"195":{"start":{"line":196,"column":0},"end":{"line":196,"column":28}},"197":{"start":{"line":198,"column":0},"end":{"line":198,"column":21}},"198":{"start":{"line":199,"column":0},"end":{"line":199,"column":30}},"199":{"start":{"line":200,"column":0},"end":{"line":200,"column":122}},"200":{"start":{"line":201,"column":0},"end":{"line":201,"column":60}},"201":{"start":{"line":202,"column":0},"end":{"line":202,"column":30}},"202":{"start":{"line":203,"column":0},"end":{"line":203,"column":18}},"203":{"start":{"line":204,"column":0},"end":{"line":204,"column":21}},"204":{"start":{"line":205,"column":0},"end":{"line":205,"column":135}},"206":{"start":{"line":207,"column":0},"end":{"line":207,"column":21}},"207":{"start":{"line":208,"column":0},"end":{"line":208,"column":21}},"208":{"start":{"line":209,"column":0},"end":{"line":209,"column":13}},"212":{"start":{"line":213,"column":0},"end":{"line":213,"column":29}},"213":{"start":{"line":214,"column":0},"end":{"line":214,"column":12}},"214":{"start":{"line":215,"column":0},"end":{"line":215,"column":85}},"216":{"start":{"line":217,"column":0},"end":{"line":217,"column":81}},"217":{"start":{"line":218,"column":0},"end":{"line":218,"column":53}},"218":{"start":{"line":219,"column":0},"end":{"line":219,"column":22}},"219":{"start":{"line":220,"column":0},"end":{"line":220,"column":46}},"220":{"start":{"line":221,"column":0},"end":{"line":221,"column":25}},"221":{"start":{"line":222,"column":0},"end":{"line":222,"column":33}},"222":{"start":{"line":223,"column":0},"end":{"line":223,"column":57}},"223":{"start":{"line":224,"column":0},"end":{"line":224,"column":39}},"224":{"start":{"line":225,"column":0},"end":{"line":225,"column":32}},"225":{"start":{"line":226,"column":0},"end":{"line":226,"column":98}},"226":{"start":{"line":227,"column":0},"end":{"line":227,"column":100}},"227":{"start":{"line":228,"column":0},"end":{"line":228,"column":59}},"228":{"start":{"line":229,"column":0},"end":{"line":229,"column":73}},"229":{"start":{"line":230,"column":0},"end":{"line":230,"column":32}},"230":{"start":{"line":231,"column":0},"end":{"line":231,"column":45}},"231":{"start":{"line":232,"column":0},"end":{"line":232,"column":51}},"233":{"start":{"line":234,"column":0},"end":{"line":234,"column":28}},"234":{"start":{"line":235,"column":0},"end":{"line":235,"column":27}},"235":{"start":{"line":236,"column":0},"end":{"line":236,"column":22}},"237":{"start":{"line":238,"column":0},"end":{"line":238,"column":15}},"238":{"start":{"line":239,"column":0},"end":{"line":239,"column":13}},"240":{"start":{"line":241,"column":0},"end":{"line":241,"column":12}},"243":{"start":{"line":244,"column":0},"end":{"line":244,"column":65}},"244":{"start":{"line":245,"column":0},"end":{"line":245,"column":94}},"245":{"start":{"line":246,"column":0},"end":{"line":246,"column":44}},"246":{"start":{"line":247,"column":0},"end":{"line":247,"column":12}},"248":{"start":{"line":249,"column":0},"end":{"line":249,"column":10}},"250":{"start":{"line":251,"column":0},"end":{"line":251,"column":2}},"252":{"start":{"line":253,"column":0},"end":{"line":253,"column":27}}},"s":{"0":1,"21":1,"23":4,"24":4,"25":4,"26":4,"27":4,"28":4,"29":4,"32":1,"34":4,"35":4,"36":4,"37":4,"38":4,"39":4,"42":1,"44":4,"45":4,"46":4,"47":4,"48":4,"51":1,"57":1,"58":1,"59":1,"60":1,"61":1,"62":1,"63":1,"64":1,"65":1,"66":1,"67":1,"68":1,"69":1,"70":1,"71":1,"72":1,"73":1,"74":1,"75":1,"76":1,"77":1,"78":1,"79":1,"82":1,"83":12,"84":12,"85":12,"86":12,"87":12,"89":12,"90":12,"91":12,"92":12,"95":1,"96":5,"97":5,"98":5,"99":5,"100":5,"101":5,"102":5,"103":5,"104":5,"105":5,"106":5,"107":5,"108":5,"109":5,"110":5,"111":5,"112":5,"114":5,"115":0,"116":0,"117":0,"118":0,"120":5,"121":0,"122":0,"124":5,"126":5,"127":5,"129":5,"130":5,"131":5,"132":5,"133":5,"134":2,"135":3,"136":5,"139":5,"140":5,"141":5,"142":5,"145":5,"146":5,"147":5,"148":5,"149":5,"150":5,"151":5,"152":5,"153":5,"154":5,"155":5,"158":5,"159":0,"160":0,"161":0,"162":0,"163":0,"164":0,"166":0,"167":0,"168":0,"169":0,"170":0,"174":5,"175":5,"176":5,"177":5,"178":5,"179":5,"180":5,"181":5,"182":5,"183":5,"184":5,"185":5,"186":5,"187":5,"188":5,"189":5,"191":5,"192":5,"193":5,"194":5,"195":5,"197":5,"198":5,"199":5,"200":5,"201":5,"202":5,"203":5,"204":5,"206":5,"207":5,"208":5,"212":5,"213":4,"214":4,"216":4,"217":12,"218":12,"219":12,"220":12,"221":12,"222":12,"223":12,"224":12,"225":12,"226":12,"227":12,"228":12,"229":12,"230":12,"231":12,"233":12,"234":12,"235":12,"237":4,"238":4,"240":5,"243":5,"244":0,"245":0,"246":0,"248":5,"250":5,"252":1},"branchMap":{"0":{"type":"branch","line":22,"loc":{"start":{"line":22,"column":21},"end":{"line":30,"column":8}},"locations":[{"start":{"line":22,"column":21},"end":{"line":30,"column":8}}]},"1":{"type":"branch","line":33,"loc":{"start":{"line":33,"column":18},"end":{"line":40,"column":8}},"locations":[{"start":{"line":33,"column":18},"end":{"line":40,"column":8}}]},"2":{"type":"branch","line":43,"loc":{"start":{"line":43,"column":21},"end":{"line":49,"column":8}},"locations":[{"start":{"line":43,"column":21},"end":{"line":49,"column":8}}]},"3":{"type":"branch","line":83,"loc":{"start":{"line":83,"column":68},"end":{"line":93,"column":8}},"locations":[{"start":{"line":83,"column":68},"end":{"line":93,"column":8}}]},"4":{"type":"branch","line":96,"loc":{"start":{"line":96,"column":48},"end":{"line":251,"column":2}},"locations":[{"start":{"line":96,"column":48},"end":{"line":251,"column":2}}]},"5":{"type":"branch","line":113,"loc":{"start":{"line":113,"column":41},"end":{"line":113,"column":73}},"locations":[{"start":{"line":113,"column":41},"end":{"line":113,"column":73}}]},"6":{"type":"branch","line":133,"loc":{"start":{"line":133,"column":10},"end":{"line":133,"column":62}},"locations":[{"start":{"line":133,"column":10},"end":{"line":133,"column":62}}]},"7":{"type":"branch","line":134,"loc":{"start":{"line":134,"column":10},"end":{"line":135,"column":61}},"locations":[{"start":{"line":134,"column":10},"end":{"line":135,"column":61}}]},"8":{"type":"branch","line":135,"loc":{"start":{"line":135,"column":14},"end":{"line":136,"column":61}},"locations":[{"start":{"line":135,"column":14},"end":{"line":136,"column":61}}]},"9":{"type":"branch","line":159,"loc":{"start":{"line":159,"column":24},"end":{"line":171,"column":19}},"locations":[{"start":{"line":159,"column":24},"end":{"line":171,"column":19}}]},"10":{"type":"branch","line":188,"loc":{"start":{"line":188,"column":16},"end":{"line":188,"column":61}},"locations":[{"start":{"line":188,"column":16},"end":{"line":188,"column":61}}]},"11":{"type":"branch","line":188,"loc":{"start":{"line":188,"column":27},"end":{"line":188,"column":78}},"locations":[{"start":{"line":188,"column":27},"end":{"line":188,"column":78}}]},"12":{"type":"branch","line":195,"loc":{"start":{"line":195,"column":18},"end":{"line":195,"column":46}},"locations":[{"start":{"line":195,"column":18},"end":{"line":195,"column":46}}]},"13":{"type":"branch","line":201,"loc":{"start":{"line":201,"column":20},"end":{"line":201,"column":47}},"locations":[{"start":{"line":201,"column":20},"end":{"line":201,"column":47}}]},"14":{"type":"branch","line":205,"loc":{"start":{"line":205,"column":86},"end":{"line":205,"column":116}},"locations":[{"start":{"line":205,"column":86},"end":{"line":205,"column":116}}]},"15":{"type":"branch","line":213,"loc":{"start":{"line":213,"column":9},"end":{"line":239,"column":13}},"locations":[{"start":{"line":213,"column":9},"end":{"line":239,"column":13}}]},"16":{"type":"branch","line":244,"loc":{"start":{"line":244,"column":27},"end":{"line":244,"column":65}},"locations":[{"start":{"line":244,"column":27},"end":{"line":244,"column":65}}]},"17":{"type":"branch","line":244,"loc":{"start":{"line":244,"column":52},"end":{"line":247,"column":12}},"locations":[{"start":{"line":244,"column":52},"end":{"line":247,"column":12}}]},"18":{"type":"branch","line":217,"loc":{"start":{"line":217,"column":29},"end":{"line":238,"column":13}},"locations":[{"start":{"line":217,"column":29},"end":{"line":238,"column":13}}]},"19":{"type":"branch","line":228,"loc":{"start":{"line":228,"column":22},"end":{"line":228,"column":49}},"locations":[{"start":{"line":228,"column":22},"end":{"line":228,"column":49}}]},"20":{"type":"branch","line":229,"loc":{"start":{"line":229,"column":22},"end":{"line":229,"column":56}},"locations":[{"start":{"line":229,"column":22},"end":{"line":229,"column":56}}]},"21":{"type":"branch","line":229,"loc":{"start":{"line":229,"column":33},"end":{"line":229,"column":73}},"locations":[{"start":{"line":229,"column":33},"end":{"line":229,"column":73}}]}},"b":{"0":[4],"1":[4],"2":[4],"3":[12],"4":[5],"5":[0],"6":[0],"7":[2],"8":[3],"9":[0],"10":[2],"11":[3],"12":[0],"13":[0],"14":[0],"15":[4],"16":[0],"17":[0],"18":[12],"19":[0],"20":[6],"21":[6]},"fnMap":{"0":{"name":"PrisonerIcon","decl":{"start":{"line":22,"column":21},"end":{"line":30,"column":8}},"loc":{"start":{"line":22,"column":21},"end":{"line":30,"column":8}},"line":22},"1":{"name":"GuardIcon","decl":{"start":{"line":33,"column":18},"end":{"line":40,"column":8}},"loc":{"start":{"line":33,"column":18},"end":{"line":40,"column":8}},"line":33},"2":{"name":"CivilianIcon","decl":{"start":{"line":43,"column":21},"end":{"line":49,"column":8}},"loc":{"start":{"line":43,"column":21},"end":{"line":49,"column":8}},"line":43},"3":{"name":"Tip","decl":{"start":{"line":83,"column":68},"end":{"line":93,"column":8}},"loc":{"start":{"line":83,"column":68},"end":{"line":93,"column":8}},"line":83},"4":{"name":"SearchInput","decl":{"start":{"line":96,"column":48},"end":{"line":251,"column":2}},"loc":{"start":{"line":96,"column":48},"end":{"line":251,"column":2}},"line":96},"5":{"name":"handleToggle","decl":{"start":{"line":115,"column":23},"end":{"line":119,"column":4}},"loc":{"start":{"line":115,"column":23},"end":{"line":119,"column":4}},"line":115},"6":{"name":"handleTypeClick","decl":{"start":{"line":121,"column":26},"end":{"line":123,"column":4}},"loc":{"start":{"line":121,"column":26},"end":{"line":123,"column":4}},"line":121},"7":{"name":"onChange","decl":{"start":{"line":149,"column":20},"end":{"line":149,"column":57}},"loc":{"start":{"line":149,"column":20},"end":{"line":149,"column":57}},"line":149},"8":{"name":"onClick","decl":{"start":{"line":223,"column":29},"end":{"line":223,"column":57}},"loc":{"start":{"line":223,"column":29},"end":{"line":223,"column":57}},"line":223}},"f":{"0":4,"1":4,"2":4,"3":12,"4":5,"5":0,"6":0,"7":0,"8":0}}
,"C:\\Users\\User\\Documents\\Projects\\AdamFinder\\person-locator\\src\\components\\SkeletonCard.tsx": {"path":"C:\\Users\\User\\Documents\\Projects\\AdamFinder\\person-locator\\src\\components\\SkeletonCard.tsx","all":false,"statementMap":{"0":{"start":{"line":1,"column":0},"end":{"line":1,"column":26}},"2":{"start":{"line":3,"column":0},"end":{"line":3,"column":38}},"3":{"start":{"line":4,"column":0},"end":{"line":4,"column":65}},"5":{"start":{"line":6,"column":0},"end":{"line":6,"column":86}},"6":{"start":{"line":7,"column":0},"end":{"line":7,"column":38}},"8":{"start":{"line":9,"column":0},"end":{"line":9,"column":69}},"10":{"start":{"line":11,"column":0},"end":{"line":11,"column":69}},"12":{"start":{"line":13,"column":0},"end":{"line":13,"column":69}},"13":{"start":{"line":14,"column":0},"end":{"line":14,"column":10}},"14":{"start":{"line":15,"column":0},"end":{"line":15,"column":8}},"17":{"start":{"line":18,"column":0},"end":{"line":18,"column":28}}},"s":{"0":1,"2":1,"3":0,"5":0,"6":0,"8":0,"10":0,"12":0,"13":0,"14":0,"17":1},"branchMap":{},"b":{},"fnMap":{"0":{"name":"SkeletonCard","decl":{"start":{"line":3,"column":31},"end":{"line":15,"column":8}},"loc":{"start":{"line":3,"column":31},"end":{"line":15,"column":8}},"line":3}},"f":{"0":0}}
,"C:\\Users\\User\\Documents\\Projects\\AdamFinder\\person-locator\\src\\components\\TabBar.tsx": {"path":"C:\\Users\\User\\Documents\\Projects\\AdamFinder\\person-locator\\src\\components\\TabBar.tsx","all":false,"statementMap":{"0":{"start":{"line":1,"column":0},"end":{"line":1,"column":26}},"10":{"start":{"line":11,"column":0},"end":{"line":11,"column":53}},"11":{"start":{"line":12,"column":0},"end":{"line":12,"column":36}},"12":{"start":{"line":13,"column":0},"end":{"line":13,"column":40}},"13":{"start":{"line":14,"column":0},"end":{"line":14,"column":38}},"14":{"start":{"line":15,"column":0},"end":{"line":15,"column":2}},"16":{"start":{"line":17,"column":0},"end":{"line":17,"column":89}},"17":{"start":{"line":18,"column":0},"end":{"line":18,"column":154}},"18":{"start":{"line":19,"column":0},"end":{"line":19,"column":159}},"19":{"start":{"line":20,"column":0},"end":{"line":20,"column":165}},"20":{"start":{"line":21,"column":0},"end":{"line":21,"column":2}},"22":{"start":{"line":23,"column":0},"end":{"line":23,"column":82}},"23":{"start":{"line":24,"column":0},"end":{"line":24,"column":44}},"24":{"start":{"line":25,"column":0},"end":{"line":25,"column":46}},"25":{"start":{"line":26,"column":0},"end":{"line":26,"column":25}},"26":{"start":{"line":27,"column":0},"end":{"line":27,"column":2}},"28":{"start":{"line":29,"column":0},"end":{"line":29,"column":91}},"29":{"start":{"line":30,"column":0},"end":{"line":30,"column":34}},"30":{"start":{"line":31,"column":0},"end":{"line":31,"column":66}},"31":{"start":{"line":32,"column":0},"end":{"line":32,"column":4}},"33":{"start":{"line":34,"column":0},"end":{"line":34,"column":44}},"35":{"start":{"line":36,"column":0},"end":{"line":36,"column":10}},"36":{"start":{"line":37,"column":0},"end":{"line":37,"column":95}},"37":{"start":{"line":38,"column":0},"end":{"line":38,"column":33}},"38":{"start":{"line":39,"column":0},"end":{"line":39,"column":59}},"39":{"start":{"line":40,"column":0},"end":{"line":40,"column":48}},"40":{"start":{"line":41,"column":0},"end":{"line":41,"column":43}},"41":{"start":{"line":42,"column":0},"end":{"line":42,"column":16}},"42":{"start":{"line":43,"column":0},"end":{"line":43,"column":17}},"43":{"start":{"line":44,"column":0},"end":{"line":44,"column":26}},"44":{"start":{"line":45,"column":0},"end":{"line":45,"column":22}},"45":{"start":{"line":46,"column":0},"end":{"line":46,"column":36}},"46":{"start":{"line":47,"column":0},"end":{"line":47,"column":47}},"47":{"start":{"line":48,"column":0},"end":{"line":48,"column":24}},"48":{"start":{"line":49,"column":0},"end":{"line":49,"column":141}},"49":{"start":{"line":50,"column":0},"end":{"line":50,"column":25}},"50":{"start":{"line":51,"column":0},"end":{"line":51,"column":76}},"51":{"start":{"line":52,"column":0},"end":{"line":52,"column":24}},"52":{"start":{"line":53,"column":0},"end":{"line":53,"column":49}},"54":{"start":{"line":55,"column":0},"end":{"line":55,"column":36}},"55":{"start":{"line":56,"column":0},"end":{"line":56,"column":27}},"56":{"start":{"line":57,"column":0},"end":{"line":57,"column":125}},"57":{"start":{"line":58,"column":0},"end":{"line":58,"column":23}},"58":{"start":{"line":59,"column":0},"end":{"line":59,"column":21}},"60":{"start":{"line":61,"column":0},"end":{"line":61,"column":19}},"62":{"start":{"line":63,"column":0},"end":{"line":63,"column":9}},"63":{"start":{"line":64,"column":0},"end":{"line":64,"column":10}},"65":{"start":{"line":66,"column":0},"end":{"line":66,"column":2}},"67":{"start":{"line":68,"column":0},"end":{"line":68,"column":22}}},"s":{"0":1,"10":1,"11":1,"12":1,"13":1,"14":1,"16":1,"17":1,"18":1,"19":1,"20":1,"22":1,"23":0,"24":0,"25":0,"26":0,"28":1,"29":0,"30":0,"31":0,"33":0,"35":0,"36":0,"37":0,"38":0,"39":0,"40":0,"41":0,"42":0,"43":0,"44":0,"45":0,"46":0,"47":0,"48":0,"49":0,"50":0,"51":0,"52":0,"54":0,"55":0,"56":0,"57":0,"58":0,"60":0,"62":0,"63":0,"65":0,"67":1},"branchMap":{},"b":{},"fnMap":{"0":{"name":"getResults","decl":{"start":{"line":23,"column":19},"end":{"line":27,"column":2}},"loc":{"start":{"line":23,"column":19},"end":{"line":27,"column":2}},"line":23},"1":{"name":"TabBar","decl":{"start":{"line":29,"column":38},"end":{"line":66,"column":2}},"loc":{"start":{"line":29,"column":38},"end":{"line":66,"column":2}},"line":29}},"f":{"0":0,"1":0}}
[...]
:{"line":150,"column":75},"end":{"line":169,"column":7}}]},"44":{"type":"branch","line":151,"loc":{"start":{"line":151,"column":33},"end":{"line":153,"column":9}},"locations":[{"start":{"line":151,"column":33},"end":{"line":153,"column":9}}]},"45":{"type":"branch","line":153,"loc":{"start":{"line":153,"column":8},"end":{"line":154,"column":26}},"locations":[{"start":{"line":153,"column":8},"end":{"line":154,"column":26}}]},"46":{"type":"branch","line":154,"loc":{"start":{"line":154,"column":12},"end":{"line":154,"column":46}},"locations":[{"start":{"line":154,"column":12},"end":{"line":154,"column":46}}]},"47":{"type":"branch","line":154,"loc":{"start":{"line":154,"column":46},"end":{"line":156,"column":9}},"locations":[{"start":{"line":154,"column":46},"end":{"line":156,"column":9}}]},"48":{"type":"branch","line":156,"loc":{"start":{"line":156,"column":8},"end":{"line":163,"column":31}},"locations":[{"start":{"line":156,"column":8},"end":{"line":163,"column":31}}]},"49":{"type":"branch","line":163,"loc":{"start":{"line":163,"column":18},"end":{"line":163,"column":44}},"locations":[{"start":{"line":163,"column":18},"end":{"line":163,"column":44}}]},"50":{"type":"branch","line":163,"loc":{"start":{"line":163,"column":31},"end":{"line":163,"column":46}},"locations":[{"start":{"line":163,"column":31},"end":{"line":163,"column":46}}]},"51":{"type":"branch","line":191,"loc":{"start":{"line":191,"column":16},"end":{"line":191,"column":90}},"locations":[{"start":{"line":191,"column":16},"end":{"line":191,"column":90}}]},"52":{"type":"branch","line":193,"loc":{"start":{"line":193,"column":10},"end":{"line":193,"column":76}},"locations":[{"start":{"line":193,"column":10},"end":{"line":193,"column":76}}]},"53":{"type":"branch","line":193,"loc":{"start":{"line":193,"column":30},"end":{"line":193,"column":76}},"locations":[{"start":{"line":193,"column":30},"end":{"line":193,"column":76}}]},"54":{"type":"branch","line":222,"loc":{"start":{"line":222,"column":26},"end":{"line":229,"column":8}},"locations":[{"start":{"line":222,"column":26},"end":{"line":229,"column":8}}]},"55":{"type":"branch","line":225,"loc":{"start":{"line":225,"column":70},"end":{"line":227,"column":9}},"locations":[{"start":{"line":225,"column":70},"end":{"line":227,"column":9}}]},"56":{"type":"branch","line":227,"loc":{"start":{"line":227,"column":8},"end":{"line":228,"column":20}},"locations":[{"start":{"line":227,"column":8},"end":{"line":228,"column":20}}]},"57":{"type":"branch","line":277,"loc":{"start":{"line":277,"column":10},"end":{"line":277,"column":79}},"locations":[{"start":{"line":277,"column":10},"end":{"line":277,"column":79}}]},"58":{"type":"branch","line":277,"loc":{"start":{"line":277,"column":30},"end":{"line":277,"column":79}},"locations":[{"start":{"line":277,"column":30},"end":{"line":277,"column":79}}]},"59":{"type":"branch","line":295,"loc":{"start":{"line":295,"column":12},"end":{"line":303,"column":5}},"locations":[{"start":{"line":295,"column":12},"end":{"line":303,"column":5}}]},"60":{"type":"branch","line":296,"loc":{"start":{"line":296,"column":42},"end":{"line":296,"column":49}},"locations":[{"start":{"line":296,"column":42},"end":{"line":296,"column":49}}]},"61":{"type":"branch","line":296,"loc":{"start":{"line":296,"column":42},"end":{"line":297,"column":33}},"locations":[{"start":{"line":296,"column":42},"end":{"line":297,"column":33}}]},"62":{"type":"branch","line":297,"loc":{"start":{"line":297,"column":33},"end":{"line":300,"column":5}},"locations":[{"start":{"line":297,"column":33},"end":{"line":300,"column":5}}]},"63":{"type":"branch","line":300,"loc":{"start":{"line":300,"column":4},"end":{"line":301,"column":30}},"locations":[{"start":{"line":300,"column":4},"end":{"line":301,"column":30}}]},"64":{"type":"branch","line":306,"loc":{"start":{"line":306,"column":12},"end":{"line":313,"column":5}},"locations":[{"start":{"line":306,"column":12},"end":{"line":313,"column":5}}]},"65":{"type":"branch","line":307,"loc":{"start":{"line":307,"column":43},"end":{"line":309,"column":11}},"locations":[{"start":{"line":307,"column":43},"end":{"line":309,"column":11}}]},"66":{"type":"branch","line":316,"loc":{"start":{"line":316,"column":12},"end":{"line":321,"column":5}},"locations":[{"start":{"line":316,"column":12},"end":{"line":321,"column":5}}]},"67":{"type":"branch","line":317,"loc":{"start":{"line":317,"column":43},"end":{"line":319,"column":5}},"locations":[{"start":{"line":317,"column":43},"end":{"line":319,"column":5}}]},"68":{"type":"branch","line":324,"loc":{"start":{"line":324,"column":12},"end":{"line":326,"column":5}},"locations":[{"start":{"line":324,"column":12},"end":{"line":326,"column":5}}]},"69":{"type":"branch","line":325,"loc":{"start":{"line":325,"column":11},"end":{"line":325,"column":41}},"locations":[{"start":{"line":325,"column":11},"end":{"line":325,"column":41}}]},"70":{"type":"branch","line":328,"loc":{"start":{"line":328,"column":36},"end":{"line":336,"column":5}},"locations":[{"start":{"line":328,"column":36},"end":{"line":336,"column":5}}]},"71":{"type":"branch","line":331,"loc":{"start":{"line":331,"column":29},"end":{"line":335,"column":5}},"locations":[{"start":{"line":331,"column":29},"end":{"line":335,"column":5}}]},"72":{"type":"branch","line":352,"loc":{"start":{"line":352,"column":37},"end":{"line":360,"column":5}},"locations":[{"start":{"line":352,"column":37},"end":{"line":360,"column":5}}]},"73":{"type":"branch","line":392,"loc":{"start":{"line":392,"column":0},"end":{"line":398,"column":1}},"locations":[{"start":{"line":392,"column":0},"end":{"line":398,"column":1}}]},"74":{"type":"branch","line":394,"loc":{"start":{"line":394,"column":26},"end":{"line":394,"column":56}},"locations":[{"start":{"line":394,"column":26},"end":{"line":394,"column":56}}]},"75":{"type":"branch","line":395,"loc":{"start":{"line":395,"column":27},"end":{"line":395,"column":58}},"locations":[{"start":{"line":395,"column":27},"end":{"line":395,"column":58}}]},"76":{"type":"branch","line":396,"loc":{"start":{"line":396,"column":28},"end":{"line":396,"column":60}},"locations":[{"start":{"line":396,"column":28},"end":{"line":396,"column":60}}]}},"b":{"0":[2],"1":[0],"2":[0],"3":[22],"4":[0],"5":[17],"6":[0],"7":[6],"8":[0],"9":[6],"10":[5],"11":[1],"12":[1],"13":[1],"14":[9],"15":[16],"16":[3],"17":[0],"18":[1],"19":[2],"20":[0],"21":[0],"22":[0],"23":[2],"24":[1],"25":[0],"26":[0],"27":[1],"28":[1],"29":[0],"30":[2],"31":[0],"32":[1],"33":[1],"34":[1],"35":[1],"36":[0],"37":[0],"38":[2],"39":[1],"40":[1],"41":[0],"42":[0],"43":[9],"44":[2],"45":[7],"46":[0],"47":[0],"48":[7],"49":[0],"50":[7],"51":[9],"52":[5],"53":[3],"54":[6],"55":[4],"56":[2],"57":[6],"58":[0],"59":[9],"60":[6],"61":[3],"62":[0],"63":[3],"64":[6],"65":[0],"66":[6],"67":[0],"68":[6],"69":[6],"70":[5],"71":[0],"72":[1],"73":[1],"74":[1],"75":[1],"76":[1]},"fnMap":{"0":{"name":"firstTabWithResults","decl":{"start":{"line":43,"column":0},"end":{"line":47,"column":1}},"loc":{"start":{"line":43,"column":0},"end":{"line":47,"column":1}},"line":43},"1":{"name":"usePersonSearch","decl":{"start":{"line":49,"column":7},"end":{"line":390,"column":1}},"loc":{"start":{"line":49,"column":7},"end":{"line":390,"column":1}},"line":49},"2":{"name":"getESResult","decl":{"start":{"line":222,"column":26},"end":{"line":229,"column":8}},"loc":{"start":{"line":222,"column":26},"end":{"line":229,"column":8}},"line":222},"3":{"name":"groupByType","decl":{"start":{"line":392,"column":0},"end":{"line":398,"column":1}},"loc":{"start":{"line":392,"column":0},"end":{"line":398,"column":1}},"line":392}},"f":{"0":2,"1":22,"2":6,"3":1}}
,"C:\\Users\\User\\Documents\\Projects\\AdamFinder\\person-locator\\src\\hooks\\useRecentSearches.ts": {"path":"C:\\Users\\User\\Documents\\Projects\\AdamFinder\\person-locator\\src\\hooks\\useRecentSearches.ts","all":false,"statementMap":{"0":{"start":{"line":1,"column":0},"end":{"line":1,"column":46}},"9":{"start":{"line":10,"column":0},"end":{"line":10,"column":44}},"10":{"start":{"line":11,"column":0},"end":{"line":11,"column":20}},"12":{"start":{"line":13,"column":0},"end":{"line":13,"column":57}},"14":{"start":{"line":15,"column":0},"end":{"line":15,"column":62}},"15":{"start":{"line":16,"column":0},"end":{"line":16,"column":29}},"16":{"start":{"line":17,"column":0},"end":{"line":17,"column":18}},"17":{"start":{"line":18,"column":0},"end":{"line":18,"column":50}},"18":{"start":{"line":19,"column":0},"end":{"line":19,"column":56}},"19":{"start":{"line":20,"column":0},"end":{"line":20,"column":53}},"21":{"start":{"line":22,"column":0},"end":{"line":22,"column":36}},"22":{"start":{"line":23,"column":0},"end":{"line":23,"column":7}},"23":{"start":{"line":24,"column":0},"end":{"line":24,"column":73}},"24":{"start":{"line":25,"column":0},"end":{"line":25,"column":42}},"25":{"start":{"line":26,"column":0},"end":{"line":26,"column":40}},"26":{"start":{"line":27,"column":0},"end":{"line":27,"column":11}},"27":{"start":{"line":28,"column":0},"end":{"line":28,"column":14}},"28":{"start":{"line":29,"column":0},"end":{"line":29,"column":3}},"29":{"start":{"line":30,"column":0},"end":{"line":30,"column":2}},"31":{"start":{"line":32,"column":0},"end":{"line":32,"column":42}},"32":{"start":{"line":33,"column":0},"end":{"line":33,"column":88}},"33":{"start":{"line":34,"column":0},"end":{"line":34,"column":2}},"35":{"start":{"line":36,"column":0},"end":{"line":36,"column":40}},"36":{"start":{"line":37,"column":0},"end":{"line":37,"column":63}},"38":{"start":{"line":39,"column":0},"end":{"line":39,"column":59}},"39":{"start":{"line":40,"column":0},"end":{"line":40,"column":91}},"40":{"start":{"line":41,"column":0},"end":{"line":41,"column":16}},"41":{"start":{"line":42,"column":0},"end":{"line":42,"column":21}},"42":{"start":{"line":43,"column":0},"end":{"line":43,"column":9}},"44":{"start":{"line":45,"column":0},"end":{"line":45,"column":52}},"45":{"start":{"line":46,"column":0},"end":{"line":46,"column":51}},"46":{"start":{"line":47,"column":0},"end":{"line":47,"column":16}},"47":{"start":{"line":48,"column":0},"end":{"line":48,"column":21}},"48":{"start":{"line":49,"column":0},"end":{"line":49,"column":9}},"50":{"start":{"line":51,"column":0},"end":{"line":51,"column":38}},"51":{"start":{"line":52,"column":0},"end":{"line":52,"column":14}},"52":{"start":{"line":53,"column":0},"end":{"line":53,"column":19}},"53":{"start":{"line":54,"column":0},"end":{"line":54,"column":9}},"55":{"start":{"line":56,"column":0},"end":{"line":56,"column":56}},"56":{"start":{"line":57,"column":0},"end":{"line":57,"column":2}}},"s":{"0":1,"9":1,"10":1,"12":1,"14":1,"15":0,"16":0,"17":0,"18":0,"19":0,"21":1,"22":5,"23":5,"24":5,"25":5,"26":5,"27":0,"28":0,"29":5,"31":1,"32":0,"33":0,"35":1,"36":5,"38":5,"39":0,"40":0,"41":0,"42":5,"44":5,"45":0,"46":0,"47":0,"48":5,"50":5,"51":0,"52":0,"53":5,"55":5,"56":5},"branchMap":{"0":{"type":"branch","line":22,"loc":{"start":{"line":22,"column":13},"end":{"line":30,"column":2}},"locations":[{"start":{"line":22,"column":13},"end":{"line":30,"column":2}}]},"1":{"type":"branch","line":25,"loc":{"start":{"line":25,"column":32},"end":{"line":25,"column":42}},"locations":[{"start":{"line":25,"column":32},"end":{"line":25,"column":42}}]},"2":{"type":"branch","line":27,"loc":{"start":{"line":27,"column":2},"end":{"line":29,"column":3}},"locations":[{"start":{"line":27,"column":2},"end":{"line":29,"column":3}}]},"3":{"type":"branch","line":36,"loc":{"start":{"line":36,"column":33},"end":{"line":57,"column":2}},"locations":[{"start":{"line":36,"column":33},"end":{"line":57,"column":2}}]}},"b":{"0":[5],"1":[0],"2":[0],"3":[5]},"fnMap":{"0":{"name":"isValidPerson","decl":{"start":{"line":15,"column":22},"end":{"line":20,"column":53}},"loc":{"start":{"line":15,"column":22},"end":{"line":20,"column":53}},"line":15},"1":{"name":"read","decl":{"start":{"line":22,"column":13},"end":{"line":30,"column":2}},"loc":{"start":{"line":22,"column":13},"end":{"line":30,"column":2}},"line":22},"2":{"name":"write","decl":{"start":{"line":32,"column":14},"end":{"line":34,"column":2}},"loc":{"start":{"line":32,"column":14},"end":{"line":34,"column":2}},"line":32},"3":{"name":"useRecentSearches","decl":{"start":{"line":36,"column":33},"end":{"line":57,"column":2}},"loc":{"start":{"line":36,"column":33},"end":{"line":57,"column":2}},"line":36}},"f":{"0":0,"1":5,"2":0,"3":5}}
,"C:\\Users\\User\\Documents\\Projects\\AdamFinder\\person-locator\\src\\utils\\buildFilters.ts": {"path":"C:\\Users\\User\\Documents\\Projects\\AdamFinder\\person-locator\\src\\utils\\buildFilters.ts","all":false,"statementMap":{"4":{"start":{"line":5,"column":0},"end":{"line":5,"column":48}},"5":{"start":{"line":6,"column":0},"end":{"line":6,"column":48}},"6":{"start":{"line":7,"column":0},"end":{"line":7,"column":39}},"7":{"start":{"line":8,"column":0},"end":{"line":8,"column":18}},"8":{"start":{"line":9,"column":0},"end":{"line":9,"column":46}},"9":{"start":{"line":10,"column":0},"end":{"line":10,"column":18}},"10":{"start":{"line":11,"column":0},"end":{"line":11,"column":46}},"11":{"start":{"line":12,"column":0},"end":{"line":12,"column":14}},"12":{"start":{"line":13,"column":0},"end":{"line":13,"column":55}},"13":{"start":{"line":14,"column":0},"end":{"line":14,"column":14}},"14":{"start":{"line":15,"column":0},"end":{"line":15,"column":55}},"15":{"start":{"line":16,"column":0},"end":{"line":16,"column":20}},"16":{"start":{"line":17,"column":0},"end":{"line":17,"column":47}},"17":{"start":{"line":18,"column":0},"end":{"line":18,"column":12}},"18":{"start":{"line":19,"column":0},"end":{"line":19,"column":62}},"19":{"start":{"line":20,"column":0},"end":{"line":20,"column":3}},"20":{"start":{"line":21,"column":0},"end":{"line":21,"column":1}},"25":{"start":{"line":26,"column":0},"end":{"line":26,"column":61}},"26":{"start":{"line":27,"column":0},"end":{"line":27,"column":34}},"27":{"start":{"line":28,"column":0},"end":{"line":28,"column":1}}},"s":{"4":9,"5":9,"6":9,"7":9,"8":2,"9":9,"10":4,"11":9,"12":1,"13":9,"14":1,"15":9,"16":1,"17":9,"18":0,"19":9,"20":9,"25":1,"26":9,"27":9},"branchMap":{"0":{"type":"branch","line":5,"loc":{"start":{"line":5,"column":0},"end":{"line":21,"column":1}},"locations":[{"start":{"line":5,"column":0},"end":{"line":21,"column":1}}]},"1":{"type":"branch","line":8,"loc":{"start":{"line":8,"column":4},"end":{"line":9,"column":46}},"locations":[{"start":{"line":8,"column":4},"end":{"line":9,"column":46}}]},"2":{"type":"branch","line":10,"loc":{"start":{"line":10,"column":4},"end":{"line":11,"column":46}},"locations":[{"start":{"line":10,"column":4},"end":{"line":11,"column":46}}]},"3":{"type":"branch","line":12,"loc":{"start":{"line":12,"column":4},"end":{"line":13,"column":55}},"locations":[{"start":{"line":12,"column":4},"end":{"line":13,"column":55}}]},"4":{"type":"branch","line":14,"loc":{"start":{"line":14,"column":4},"end":{"line":15,"column":55}},"locations":[{"start":{"line":14,"column":4},"end":{"line":15,"column":55}}]},"5":{"type":"branch","line":16,"loc":{"start":{"line":16,"column":4},"end":{"line":17,"column":47}},"locations":[{"start":{"line":16,"column":4},"end":{"line":17,"column":47}}]},"6":{"type":"branch","line":18,"loc":{"start":{"line":18,"column":4},"end":{"line":19,"column":62}},"locations":[{"start":{"line":18,"column":4},"end":{"line":19,"column":62}}]},"7":{"type":"branch","line":26,"loc":{"start":{"line":26,"column":7},"end":{"line":28,"column":1}},"locations":[{"start":{"line":26,"column":7},"end":{"line":28,"column":1}}]}},"b":{"0":[9],"1":[2],"2":[4],"3":[1],"4":[1],"5":[1],"6":[0],"7":[9]},"fnMap":{"0":{"name":"buildClause","decl":{"start":{"line":5,"column":0},"end":{"line":21,"column":1}},"loc":{"start":{"line":5,"column":0},"end":{"line":21,"column":1}},"line":5},"1":{"name":"buildFilters","decl":{"start":{"line":26,"column":7},"end":{"line":28,"column":1}},"loc":{"start":{"line":26,"column":7},"end":{"line":28,"column":1}},"line":26}},"f":{"0":9,"1":9}}
,"C:\\Users\\User\\Documents\\Projects\\AdamFinder\\person-locator\\src\\utils\\highlightMatch.ts": {"path":"C:\\Users\\User\\Documents\\Projects\\AdamFinder\\person-locator\\src\\utils\\highlightMatch.ts","all":false,"statementMap":{"0":{"start":{"line":1,"column":0},"end":{"line":1,"column":26}},"6":{"start":{"line":7,"column":0},"end":{"line":7,"column":78}},"7":{"start":{"line":8,"column":0},"end":{"line":8,"column":26}},"9":{"start":{"line":10,"column":0},"end":{"line":10,"column":68}},"10":{"start":{"line":11,"column":0},"end":{"line":11,"column":54}},"11":{"start":{"line":12,"column":0},"end":{"line":12,"column":34}},"13":{"start":{"line":14,"column":0},"end":{"line":14,"column":31}},"14":{"start":{"line":15,"column":0},"end":{"line":15,"column":20}},"15":{"start":{"line":16,"column":0},"end":{"line":16,"column":83}},"16":{"start":{"line":17,"column":0},"end":{"line":17,"column":12}},"17":{"start":{"line":18,"column":0},"end":{"line":18,"column":4}},"18":{"start":{"line":19,"column":0},"end":{"line":19,"column":1}}},"s":{"0":1,"6":1,"7":7,"9":1,"10":1,"11":1,"13":1,"14":5,"15":2,"16":3,"17":1,"18":1},"branchMap":{"0":{"type":"branch","line":7,"loc":{"start":{"line":7,"column":7},"end":{"line":19,"column":1}},"locations":[{"start":{"line":7,"column":7},"end":{"line":19,"column":1}}]},"1":{"type":"branch","line":8,"loc":{"start":{"line":8,"column":14},"end":{"line":8,"column":26}},"locations":[{"start":{"line":8,"column":14},"end":{"line":8,"column":26}}]},"2":{"type":"branch","line":8,"loc":{"start":{"line":8,"column":21},"end":{"line":19,"column":1}},"locations":[{"start":{"line":8,"column":21},"end":{"line":19,"column":1}}]},"3":{"type":"branch","line":14,"loc":{"start":{"line":14,"column":19},"end":{"line":17,"column":12}},"locations":[{"start":{"line":14,"column":19},"end":{"line":17,"column":12}}]},"4":{"type":"branch","line":15,"loc":{"start":{"line":15,"column":19},"end":{"line":16,"column":83}},"locations":[{"start":{"line":15,"column":19},"end":{"line":16,"column":83}}]},"5":{"type":"branch","line":16,"loc":{"start":{"line":16,"column":82},"end":{"line":17,"column":12}},"locations":[{"start":{"line":16,"column":82},"end":{"line":17,"column":12}}]}},"b":{"0":[7],"1":[6],"2":[1],"3":[5],"4":[2],"5":[3]},"fnMap":{"0":{"name":"highlightMatch","decl":{"start":{"line":7,"column":7},"end":{"line":19,"column":1}},"loc":{"start":{"line":7,"column":7},"end":{"line":19,"column":1}},"line":7}},"f":{"0":7}}
,"C:\\Users\\User\\Documents\\Projects\\AdamFinder\\person-locator\\src\\utils\\mergeResults.ts": {"path":"C:\\Users\\User\\Documents\\Projects\\AdamFinder\\person-locator\\src\\utils\\mergeResults.ts","all":false,"statementMap":{"7":{"start":{"line":8,"column":0},"end":{"line":8,"column":29}},"8":{"start":{"line":9,"column":0},"end":{"line":9,"column":28}},"9":{"start":{"line":10,"column":0},"end":{"line":10,"column":31}},"10":{"start":{"line":11,"column":0},"end":{"line":11,"column":19}},"11":{"start":{"line":12,"column":0},"end":{"line":12,"column":60}},"12":{"start":{"line":13,"column":0},"end":{"line":13,"column":63}},"13":{"start":{"line":14,"column":0},"end":{"line":14,"column":39}},"14":{"start":{"line":15,"column":0},"end":{"line":15,"column":1}}},"s":{"7":1,"8":11,"9":11,"10":11,"11":11,"12":11,"13":11,"14":11},"branchMap":{"0":{"type":"branch","line":8,"loc":{"start":{"line":8,"column":7},"end":{"line":15,"column":1}},"locations":[{"start":{"line":8,"column":7},"end":{"line":15,"column":1}}]},"1":{"type":"branch","line":12,"loc":{"start":{"line":12,"column":46},"end":{"line":12,"column":57}},"locations":[{"start":{"line":12,"column":46},"end":{"line":12,"column":57}}]},"2":{"type":"branch","line":13,"loc":{"start":{"line":13,"column":34},"end":{"line":13,"column":61}},"locations":[{"start":{"line":13,"column":34},"end":{"line":13,"column":61}}]}},"b":{"0":[11],"1":[7],"2":[9]},"fnMap":{"0":{"name":"mergeResults","decl":{"start":{"line":8,"column":7},"end":{"line":15,"column":1}},"loc":{"start":{"line":8,"column":7},"end":{"line":15,"column":1}},"line":8}},"f":{"0":11}}
}
