TN:
SF:src\components\EmptyState.tsx
FN:3,(anonymous_0)
FNF:1
FNH:0
FNDA:0,(anonymous_0)
DA:3,1
DA:4,0
DA:10,1
LF:3
LH:2
BRF:0
BRH:0
end_of_record
TN:
SF:src\components\OfflineBanner.tsx
FN:3,(anonymous_0)
FNF:1
FNH:0
FNDA:0,(anonymous_0)
DA:3,1
DA:4,0
DA:34,1
LF:3
LH:2
BRF:0
BRH:0
end_of_record
TN:
SF:src\components\PersonLocator.tsx
FN:10,(anonymous_1)
FN:30,(anonymous_2)
FN:31,(anonymous_3)
FN:37,(anonymous_4)
FN:62,(anonymous_5)
FN:70,(anonymous_6)
FN:76,(anonymous_7)
FN:97,(anonymous_8)
FN:108,(anonymous_9)
FN:124,(anonymous_10)
FNF:10
FNH:3
FNDA:5,(anonymous_1)
FNDA:5,(anonymous_2)
FNDA:0,(anonymous_3)
FNDA:5,(anonymous_4)
FNDA:0,(anonymous_5)
FNDA:0,(anonymous_6)
FNDA:0,(anonymous_7)
FNDA:0,(anonymous_8)
FNDA:0,(anonymous_9)
FNDA:0,(anonymous_10)
DA:1,1
DA:3,1
DA:4,1
DA:6,1
DA:7,1
DA:8,1
DA:10,1
DA:24,5
DA:26,5
DA:27,5
DA:28,5
DA:30,5
DA:31,5
DA:32,0
DA:33,0
DA:36,5
DA:37,5
DA:40,5
DA:41,5
DA:57,5
DA:59,5
DA:61,5
DA:62,0
DA:65,5
DA:66,5
DA:67,5
DA:68,5
DA:70,5
DA:71,0
DA:72,0
DA:73,0
DA:76,5
DA:77,0
DA:78,0
DA:81,5
DA:90,5
DA:99,0
DA:100,0
DA:108,0
DA:124,0
DA:168,1
LF:41
LH:29
BRDA:14,0,0,5
BRDA:15,1,0,5
BRDA:16,2,0,5
BRDA:32,3,0,0
BRDA:32,4,0,0
BRDA:32,4,1,0
BRDA:40,5,0,5
BRDA:40,5,1,4
BRDA:61,6,0,1
BRDA:61,6,1,4
BRDA:65,7,0,0
BRDA:65,7,1,5
BRDA:66,8,0,5
BRDA:66,8,1,0
BRDA:66,8,2,0
BRDA:67,9,0,5
BRDA:67,9,1,5
BRDA:81,10,0,0
BRDA:81,10,1,5
BRDA:83,11,0,0
BRDA:83,11,1,0
BRDA:84,12,0,0
BRDA:84,12,1,0
BRDA:85,13,0,0
BRDA:85,13,1,0
BRDA:96,14,0,2
BRDA:96,14,1,3
BRDA:99,15,0,0
BRDA:119,16,0,5
BRDA:119,16,1,0
BRDA:133,17,0,5
BRDA:133,17,1,0
BRDA:155,18,0,5
BRDA:155,18,1,0
BRDA:155,18,2,0
BRF:35
BRH:17
end_of_record
TN:
SF:src\components\RecentSearchesPanel.tsx
FN:11,(anonymous_0)
FN:26,(anonymous_1)
FN:55,(anonymous_2)
FN:64,(anonymous_3)
FN:65,(anonymous_4)
FN:70,(anonymous_5)
FNF:6
FNH:0
FNDA:0,(anonymous_0)
FNDA:0,(anonymous_1)
FNDA:0,(anonymous_2)
FNDA:0,(anonymous_3)
FNDA:0,(anonymous_4)
FNDA:0,(anonymous_5)
DA:5,1
DA:11,1
DA:12,0
DA:26,1
DA:33,0
DA:36,0
DA:40,0
DA:56,0
DA:57,0
DA:64,0
DA:65,0
DA:70,0
DA:94,1
LF:13
LH:4
BRDA:31,0,0,0
BRDA:33,1,0,0
BRDA:36,2,0,0
BRDA:36,2,1,0
BRDA:65,3,0,0
BRDA:65,4,0,0
BRDA:65,4,1,0
BRF:7
BRH:0
end_of_record
TN:
SF:src\components\ResultCard.tsx
FN:27,(anonymous_0)
FN:41,(anonymous_1)
FN:51,(anonymous_2)
FN:59,(anonymous_3)
FN:65,(anonymous_4)
FN:72,(anonymous_5)
FN:92,(anonymous_6)
FN:97,(anonymous_7)
FN:98,(anonymous_8)
FN:141,(anonymous_9)
FN:153,(anonymous_10)
FN:195,(anonymous_11)
FN:195,(anonymous_12)
FN:208,(anonymous_13)
FNF:14
FNH:4
FNDA:1,(anonymous_0)
FNDA:1,(anonymous_1)
FNDA:0,(anonymous_2)
FNDA:0,(anonymous_3)
FNDA:0,(anonymous_4)
FNDA:7,(anonymous_5)
FNDA:0,(anonymous_6)
FNDA:1,(anonymous_7)
FNDA:0,(anonymous_8)
FNDA:0,(anonymous_9)
FNDA:0,(anonymous_10)
FNDA:0,(anonymous_11)
FNDA:0,(anonymous_12)
FNDA:0,(anonymous_13)
DA:1,2
DA:3,2
DA:20,2
DA:27,2
DA:28,1
DA:41,2
DA:42,1
DA:51,2
DA:52,0
DA:59,2
DA:60,0
DA:65,2
DA:66,0
DA:72,2
DA:85,7
DA:88,7
DA:91,7
DA:92,0
DA:95,7
DA:97,7
DA:98,7
DA:99,0
DA:102,7
DA:141,0
DA:153,0
DA:195,0
DA:209,0
DA:210,0
DA:211,0
DA:224,2
LF:30
LH:19
BRDA:83,0,0,7
BRDA:88,1,0,7
BRDA:88,1,1,2
BRDA:89,2,0,2
BRDA:89,2,1,0
BRDA:99,3,0,0
BRDA:99,4,0,0
BRDA:99,4,1,0
BRDA:104,5,0,0
BRDA:104,5,1,7
BRDA:118,6,0,1
BRDA:118,6,1,6
BRDA:137,7,0,7
BRDA:137,7,1,6
BRDA:137,7,2,2
BRDA:137,7,3,1
BRDA:149,8,0,7
BRDA:149,8,1,6
BRDA:149,8,2,0
BRDA:166,9,0,7
BRDA:166,9,1,0
BRDA:169,10,0,7
BRDA:169,10,1,0
BRDA:170,11,0,7
BRDA:170,11,1,0
BRDA:177,12,0,7
BRDA:177,12,1,0
BRDA:184,13,0,7
BRDA:184,13,1,0
BRDA:184,14,0,7
BRDA:184,14,1,0
BRDA:186,15,0,0
BRDA:186,15,1,0
BRDA:192,16,0,7
BRDA:192,16,1,0
BRDA:198,17,0,0
BRDA:198,17,1,0
BRDA:200,18,0,0
BRDA:200,18,1,0
BRDA:206,19,0,7
BRDA:206,19,1,0
BRDA:210,20,0,0
BRF:42
BRH:21
end_of_record
TN:
SF:src\components\ResultsPanel.tsx
FN:36,(anonymous_1)
FN:64,(anonymous_2)
FN:95,(anonymous_3)
FNF:3
FNH:0
FNDA:0,(anonymous_1)
FNDA:0,(anonymous_2)
FNDA:0,(anonymous_3)
DA:3,1
DA:4,1
DA:5,1
DA:6,1
DA:7,1
DA:8,1
DA:30,1
DA:36,1
DA:56,0
DA:60,0
DA:61,0
DA:63,0
DA:64,0
DA:68,0
DA:96,0
DA:122,1
LF:16
LH:9
BRDA:43,0,0,0
BRDA:53,1,0,0
BRDA:56,2,0,0
BRDA:56,2,1,0
BRDA:65,3,0,0
BRDA:65,3,1,0
BRDA:70,4,0,0
BRDA:70,4,1,0
BRDA:72,5,0,0
BRDA:72,5,1,0
BRDA:81,6,0,0
BRDA:81,6,1,0
BRDA:87,7,0,0
BRDA:87,7,1,0
BRDA:111,8,0,0
BRDA:111,8,1,0
BRF:16
BRH:0
end_of_record
TN:
SF:src\components\SearchInput.tsx
FN:22,(anonymous_0)
FN:33,(anonymous_1)
FN:43,(anonymous_2)
FN:83,(anonymous_3)
FN:96,(anonymous_4)
FN:115,(anonymous_5)
FN:121,(anonymous_6)
FN:149,(anonymous_7)
FN:217,(anonymous_8)
FN:223,(anonymous_9)
FNF:10
FNH:6
FNDA:4,(anonymous_0)
FNDA:4,(anonymous_1)
FNDA:4,(anonymous_2)
FNDA:12,(anonymous_3)
FNDA:5,(anonymous_4)
FNDA:0,(anonymous_5)
FNDA:0,(anonymous_6)
FNDA:0,(anonymous_7)
FNDA:12,(anonymous_8)
FNDA:0,(anonymous_9)
DA:1,1
DA:22,1
DA:24,4
DA:33,1
DA:35,4
DA:43,1
DA:45,4
DA:58,1
DA:83,1
DA:84,12
DA:96,1
DA:112,5
DA:113,5
DA:115,5
DA:116,0
DA:117,0
DA:118,0
DA:121,5
DA:122,0
DA:125,5
DA:127,5
DA:149,0
DA:218,12
DA:219,12
DA:223,0
DA:253,1
LF:26
LH:20
BRDA:107,0,0,0
BRDA:110,1,0,0
BRDA:112,2,0,5
BRDA:112,2,1,5
BRDA:113,3,0,0
BRDA:113,3,1,5
BRDA:122,4,0,0
BRDA:122,4,1,0
BRDA:133,5,0,0
BRDA:133,5,1,5
BRDA:134,6,0,2
BRDA:134,6,1,3
BRDA:159,7,0,5
BRDA:159,7,1,0
BRDA:175,8,0,5
BRDA:175,8,1,5
BRDA:188,9,0,2
BRDA:188,9,1,3
BRDA:195,10,0,0
BRDA:195,10,1,5
BRDA:201,11,0,0
BRDA:201,11,1,5
BRDA:205,12,0,0
BRDA:205,12,1,5
BRDA:213,13,0,5
BRDA:213,13,1,4
BRDA:228,14,0,0
BRDA:228,14,1,12
BRDA:229,15,0,6
BRDA:229,15,1,6
BRDA:244,16,0,5
BRDA:244,16,1,0
BRDA:244,16,2,0
BRF:33
BRH:20
end_of_record
TN:
SF:src\components\SkeletonCard.tsx
FN:3,(anonymous_0)
FNF:1
FNH:0
FNDA:0,(anonymous_0)
DA:3,1
DA:4,0
DA:18,1
LF:3
LH:2
BRF:0
BRH:0
end_of_record
TN:
SF:src\components\TabBar.tsx
FN:23,(anonymous_0)
FN:29,(anonymous_1)
FN:31,(anonymous_2)
FN:38,(anonymous_3)
FN:53,(anonymous_4)
FNF:5
FNH:0
FNDA:0,(anonymous_0)
FNDA:0,(anonymous_1)
FNDA:0,(anonymous_2)
FNDA:0,(anonymous_3)
FNDA:0,(anonymous_4)
DA:11,1
DA:17,1
DA:23,1
DA:24,0
DA:25,0
DA:26,0
DA:29,1
DA:30,0
DA:31,0
DA:34,0
DA:36,0
DA:39,0
DA:40,0
DA:41,0
DA:42,0
DA:53,0
DA:68,1
LF:17
LH:5
BRDA:24,0,0,0
BRDA:25,1,0,0
BRDA:31,2,0,0
BRDA:31,2,1,0
BRDA:34,3,0,0
BRDA:51,4,0,0
BRDA:51,4,1,0
BRDA:56,5,0,0
BRDA:56,5,1,0
BRDA:57,6,0,0
BRDA:57,6,1,0
BRF:11
BRH:0
end_of_record
TN:
SF:src\hooks\useDebounce.ts
FN:6,useDebounce
FN:9,(anonymous_1)
FN:10,(anonymous_2)
FN:11,(anonymous_3)
FNF:4
FNH:4
FNDA:21,useDebounce
FNDA:12,(anonymous_1)
FNDA:3,(anonymous_2)
FNDA:12,(anonymous_3)
DA:1,1
DA:6,1
DA:7,21
DA:9,21
DA:10,12
DA:11,12
DA:14,21
LF:7
LH:7
BRF:0
BRH:0
end_of_record
TN:
SF:src\hooks\useInfiniteScroll.ts
FN:7,useInfiniteScroll
FN:14,(anonymous_1)
FN:23,(anonymous_2)
FN:36,(anonymous_3)
FN:37,(anonymous_4)
FNF:5
FNH:0
FNDA:0,useInfiniteScroll
FNDA:0,(anonymous_1)
FNDA:0,(anonymous_2)
FNDA:0,(anonymous_3)
FNDA:0,(anonymous_4)
DA:1,1
DA:7,1
DA:11,0
DA:13,0
DA:15,0
DA:16,0
DA:17,0
DA:20,0
DA:22,0
DA:24,0
DA:25,0
DA:31,0
DA:36,0
DA:37,0
DA:38,0
DA:42,0
LF:16
LH:2
BRDA:15,0,0,0
BRDA:20,1,0,0
BRDA:20,2,0,0
BRDA:20,2,1,0
BRDA:24,3,0,0
BRF:5
BRH:0
end_of_record
TN:
SF:src\hooks\usePaging.ts
FN:26,usePaging
FN:29,(anonymous_1)
FN:31,(anonymous_2)
FN:40,(anonymous_3)
FN:42,(anonymous_4)
FN:48,(anonymous_5)
FNF:6
FNH:3
FNDA:21,usePaging
FNDA:0,(anonymous_1)
FNDA:0,(anonymous_2)
FNDA:4,(anonymous_3)
FNDA:0,(anonymous_4)
FNDA:4,(anonymous_5)
DA:1,1
DA:4,1
DA:10,1
DA:26,1
DA:27,21
DA:29,21
DA:30,0
DA:31,0
DA:40,21
DA:41,4
DA:42,4
DA:48,21
DA:49,4
DA:52,21
LF:14
LH:12
BRF:0
BRH:0
end_of_record
TN:
SF:src\hooks\usePersonSearch.ts
FN:40,firstTabWithResults
FN:46,usePersonSearch
FN:82,(anonymous_2)
FN:89,(anonymous_3)
FN:99,(anonymous_4)
FN:102,(anonymous_5)
FN:103,(anonymous_6)
FN:107,(anonymous_7)
FN:108,(anonymous_8)
FN:116,(anonymous_9)
FN:146,(anonymous_10)
FN:187,(anonymous_11)
FN:189,(anonymous_12)
FN:218,(anonymous_13)
FN:237,(anonymous_14)
FN:273,(anonymous_15)
FN:291,(anonymous_16)
FN:302,(anonymous_17)
FN:312,(anonymous_18)
FN:313,(anonymous_19)
FN:316,(anonymous_20)
FN:326,(anonymous_21)
FN:331,(anonymous_22)
FN:340,(anonymous_23)
FN:351,(anonymous_24)
FN:378,groupByType
FN:380,(anonymous_26)
FN:381,(anonymous_27)
FN:382,(anonymous_28)
FNF:29
FNH:24
FNDA:2,firstTabWithResults
FNDA:21,usePersonSearch
FNDA:6,(anonymous_2)
FNDA:6,(anonymous_3)
FNDA:1,(anonymous_4)
FNDA:0,(anonymous_5)
FNDA:1,(anonymous_6)
FNDA:9,(anonymous_7)
FNDA:16,(anonymous_8)
FNDA:3,(anonymous_9)
FNDA:9,(anonymous_10)
FNDA:9,(anonymous_11)
FNDA:5,(anonymous_12)
FNDA:6,(anonymous_13)
FNDA:0,(anonymous_14)
FNDA:6,(anonymous_15)
FNDA:9,(anonymous_16)
FNDA:6,(anonymous_17)
FNDA:6,(anonymous_18)
FNDA:6,(anonymous_19)
FNDA:5,(anonymous_20)
FNDA:0,(anonymous_21)
FNDA:0,(anonymous_22)
FNDA:1,(anonymous_23)
FNDA:0,(anonymous_24)
FNDA:1,groupByType
FNDA:1,(anonymous_26)
FNDA:1,(anonymous_27)
FNDA:1,(anonymous_28)
DA:1,1
DA:2,1
DA:3,1
DA:4,1
DA:5,1
DA:13,1
DA:14,1
DA:33,1
DA:41,2
DA:42,2
DA:43,2
DA:46,1
DA:61,21
DA:63,21
DA:65,21
DA:66,21
DA:67,21
DA:68,21
DA:69,21
DA:70,21
DA:71,21
DA:72,21
DA:73,21
DA:75,21
DA:77,21
DA:78,21
DA:79,21
DA:82,21
DA:83,6
DA:84,0
DA:89,21
DA:90,6
DA:91,1
DA:92,1
DA:100,1
DA:103,1
DA:107,21
DA:108,16
DA:109,9
DA:113,21
DA:115,21
DA:117,3
DA:119,3
DA:126,3
DA:128,3
DA:129,3
DA:130,3
DA:131,3
DA:132,3
DA:134,0
DA:137,3
DA:141,3
DA:146,3
DA:147,9
DA:148,2
DA:150,7
DA:151,0
DA:153,7
DA:168,3
DA:172,3
DA:177,3
DA:180,3
DA:182,3
DA:185,3
DA:186,3
DA:187,9
DA:189,5
DA:192,3
DA:193,1
DA:194,1
DA:195,1
DA:196,1
DA:197,1
DA:204,1
DA:205,1
DA:210,0
DA:212,1
DA:213,1
DA:214,1
DA:218,2
DA:221,6
DA:222,4
DA:224,2
DA:227,2
DA:228,2
DA:229,2
DA:232,2
DA:233,2
DA:234,2
DA:236,2
DA:237,0
DA:238,0
DA:240,0
DA:242,0
DA:243,0
DA:247,0
DA:250,0
DA:253,0
DA:255,2
DA:261,2
DA:264,2
DA:265,2
DA:266,2
DA:269,2
DA:272,2
DA:273,6
DA:275,2
DA:276,0
DA:280,2
DA:281,2
DA:291,21
DA:292,9
DA:293,3
DA:294,0
DA:295,0
DA:297,3
DA:302,21
DA:303,6
DA:304,0
DA:306,6
DA:312,21
DA:313,6
DA:316,21
DA:317,5
DA:318,5
DA:319,5
DA:320,0
DA:321,0
DA:322,0
DA:326,21
DA:327,0
DA:330,21
DA:332,0
DA:333,0
DA:334,0
DA:335,0
DA:340,21
DA:341,1
DA:342,1
DA:343,1
DA:344,1
DA:345,1
DA:346,1
DA:347,1
DA:350,21
DA:352,0
DA:353,0
DA:354,0
DA:355,0
DA:360,21
DA:379,1
DA:380,1
DA:381,1
DA:382,1
LF:154
LH:126
BRDA:41,0,0,0
BRDA:42,1,0,0
BRDA:50,2,0,7
BRDA:52,3,0,21
BRDA:53,4,0,21
BRDA:54,5,0,21
BRDA:55,6,0,15
BRDA:63,7,0,21
BRDA:63,7,1,0
BRDA:72,8,0,21
BRDA:72,8,1,17
BRDA:73,9,0,21
BRDA:73,9,1,21
BRDA:83,10,0,0
BRDA:90,11,0,5
BRDA:100,12,0,1
BRDA:113,13,0,0
BRDA:113,13,1,21
BRDA:116,14,0,3
BRDA:128,15,0,3
BRDA:128,15,1,0
BRDA:137,16,0,1
BRDA:137,16,1,2
BRDA:141,17,0,0
BRDA:141,17,1,3
BRDA:141,18,0,3
BRDA:141,18,1,0
BRDA:142,19,0,0
BRDA:142,19,1,0
BRDA:142,20,0,0
BRDA:142,20,1,0
BRDA:147,21,0,2
BRDA:150,22,0,0
BRDA:150,23,0,7
BRDA:150,23,1,0
BRDA:159,24,0,0
BRDA:159,24,1,7
BRDA:168,25,0,3
BRDA:168,25,1,0
BRDA:168,26,0,3
BRDA:168,26,1,3
BRDA:172,27,0,2
BRDA:172,27,1,1
BRDA:172,28,0,3
BRDA:172,28,1,3
BRDA:180,29,0,3
BRDA:180,29,1,0
BRDA:182,30,0,3
BRDA:182,30,1,0
BRDA:189,31,0,5
BRDA:189,31,1,3
BRDA:192,32,0,1
BRDA:192,33,0,3
BRDA:192,33,1,1
BRDA:221,34,0,4
BRDA:221,35,0,6
BRDA:221,35,1,6
BRDA:232,36,0,2
BRDA:232,36,1,0
BRDA:233,37,0,2
BRDA:233,37,1,1
BRDA:234,38,0,2
BRDA:234,38,1,1
BRDA:236,39,0,0
BRDA:236,39,1,2
BRDA:236,40,0,2
BRDA:236,40,1,0
BRDA:238,41,0,0
BRDA:238,41,1,0
BRDA:239,42,0,0
BRDA:239,42,1,0
BRDA:240,43,0,0
BRDA:240,43,1,0
BRDA:241,44,0,0
BRDA:241,44,1,0
BRDA:244,45,0,0
BRDA:244,45,1,0
BRDA:245,46,0,0
BRDA:245,46,1,0
BRDA:250,47,0,0
BRDA:250,47,1,0
BRDA:250,48,0,0
BRDA:250,48,1,0
BRDA:251,49,0,0
BRDA:251,49,1,0
BRDA:251,50,0,0
BRDA:251,50,1,0
BRDA:252,51,0,0
BRDA:252,51,1,0
BRDA:264,52,0,2
BRDA:265,53,0,1
BRDA:266,54,0,1
BRDA:273,55,0,6
BRDA:273,55,1,0
BRDA:275,56,0,0
BRDA:275,57,0,2
BRDA:275,57,1,0
BRDA:276,58,0,0
BRDA:276,58,1,0
BRDA:292,59,0,6
BRDA:293,60,0,0
BRDA:303,61,0,0
BRDA:303,61,1,6
BRDA:319,62,0,0
BRDA:352,63,0,0
BRDA:353,64,0,0
BRDA:353,64,1,0
BRDA:353,65,0,0
BRDA:353,65,1,0
BRDA:354,66,0,0
BRDA:354,67,0,0
BRDA:354,67,1,0
BRF:112
BRH:53
end_of_record
TN:
SF:src\hooks\useRecentSearches.ts
FN:15,(anonymous_0)
FN:22,(anonymous_1)
FN:32,(anonymous_2)
FN:36,(anonymous_3)
FN:39,(anonymous_4)
FN:40,(anonymous_5)
FN:45,(anonymous_6)
FN:46,(anonymous_7)
FN:51,(anonymous_8)
FNF:9
FNH:2
FNDA:0,(anonymous_0)
FNDA:5,(anonymous_1)
FNDA:0,(anonymous_2)
FNDA:5,(anonymous_3)
FNDA:0,(anonymous_4)
FNDA:0,(anonymous_5)
FNDA:0,(anonymous_6)
FNDA:0,(anonymous_7)
FNDA:0,(anonymous_8)
DA:1,1
DA:10,1
DA:11,1
DA:13,1
DA:15,1
DA:16,0
DA:22,1
DA:23,5
DA:24,5
DA:25,5
DA:26,5
DA:28,0
DA:32,1
DA:33,0
DA:36,1
DA:37,5
DA:39,5
DA:40,0
DA:41,0
DA:42,0
DA:45,5
DA:46,0
DA:47,0
DA:48,0
DA:51,5
DA:52,0
DA:53,0
DA:56,5
LF:28
LH:17
BRDA:16,0,0,0
BRDA:16,0,1,0
BRDA:16,0,2,0
BRDA:16,0,3,0
BRDA:16,0,4,0
BRDA:24,1,0,5
BRDA:24,1,1,5
BRDA:25,2,0,0
BRF:8
BRH:2
end_of_record
TN:
SF:src\utils\buildFilters.ts
FN:5,buildClause
FN:26,buildFilters
FNF:2
FNH:2
FNDA:9,buildClause
FNDA:9,buildFilters
DA:6,9
DA:7,9
DA:9,2
DA:11,4
DA:13,1
DA:15,1
DA:17,1
DA:19,0
DA:26,2
DA:27,9
LF:10
LH:9
BRDA:7,0,0,2
BRDA:7,0,1,4
BRDA:7,0,2,1
BRDA:7,0,3,1
BRDA:7,0,4,1
BRDA:7,0,5,0
BRF:6
BRH:5
end_of_record
TN:
SF:src\utils\highlightMatch.ts
FN:7,highlightMatch
FN:14,(anonymous_2)
FNF:2
FNH:2
FNDA:7,highlightMatch
FNDA:5,(anonymous_2)
DA:1,2
DA:7,2
DA:8,7
DA:10,1
DA:11,1
DA:12,1
DA:14,1
DA:15,5
LF:8
LH:8
BRDA:8,0,0,6
BRDA:15,1,0,2
BRDA:15,1,1,3
BRF:3
BRH:3
end_of_record
TN:
SF:src\utils\mergeResults.ts
FN:8,mergeResults
FN:12,(anonymous_1)
FN:13,(anonymous_2)
FNF:3
FNH:3
FNDA:11,mergeResults
FNDA:7,(anonymous_1)
FNDA:9,(anonymous_2)
DA:8,2
DA:12,11
DA:13,11
DA:14,11
LF:4
LH:4
BRF:0
BRH:0
end_of_record
